[0.319s] DEBUG:colcon:Command line arguments: ['/usr/bin/colcon', 'build', '--packages-select', 'pal_fib_interfaces']
[0.319s] DEBUG:colcon:Parsed command line arguments: Namespace(log_base=None, log_level=None, verb_name='build', build_base='build', install_base='install', merge_install=False, symlink_install=False, test_result_base=None, continue_on_error=False, executor='parallel', parallel_workers=12, event_handlers=None, ignore_user_meta=False, metas=['./colcon.meta'], base_paths=['.'], packages_ignore=None, packages_ignore_regex=None, paths=None, packages_up_to=None, packages_up_to_regex=None, packages_above=None, packages_above_and_dependencies=None, packages_above_depth=None, packages_select_by_dep=None, packages_skip_by_dep=None, packages_skip_up_to=None, packages_select_build_failed=False, packages_skip_build_finished=False, packages_select_test_failures=False, packages_skip_test_passed=False, packages_select=['pal_fib_interfaces'], packages_skip=None, packages_select_regex=None, packages_skip_regex=None, packages_start=None, packages_end=None, allow_overriding=[], cmake_args=None, cmake_target=None, cmake_target_skip_unavailable=False, cmake_clean_cache=False, cmake_clean_first=False, cmake_force_configure=False, ament_cmake_args=None, catkin_cmake_args=None, catkin_skip_building_tests=False, mixin_files=None, mixin=None, verb_parser=<colcon_mixin.mixin.mixin_argument.MixinArgumentDecorator object at 0x7f34f95dd7e0>, verb_extension=<colcon_core.verb.build.BuildVerb object at 0x7f34f95dd210>, main=<bound method BuildVerb.main of <colcon_core.verb.build.BuildVerb object at 0x7f34f95dd210>>, mixin_verb=('build',))
[0.531s] Level 1:colcon.colcon_core.package_discovery:discover_packages(colcon_meta) check parameters
[0.531s] Level 1:colcon.colcon_core.package_discovery:discover_packages(recursive) check parameters
[0.531s] Level 1:colcon.colcon_core.package_discovery:discover_packages(ignore) check parameters
[0.531s] Level 1:colcon.colcon_core.package_discovery:discover_packages(path) check parameters
[0.531s] Level 1:colcon.colcon_core.package_discovery:discover_packages(colcon_meta) discover
[0.531s] Level 1:colcon.colcon_core.package_discovery:discover_packages(recursive) discover
[0.531s] INFO:colcon.colcon_core.package_discovery:Crawling recursively for packages in '/home/ratan/ros2_ws_new/src/pal_fib_interfaces'
[0.531s] Level 1:colcon.colcon_core.package_identification:_identify(.) by extensions ['ignore', 'ignore_ament_install']
[0.531s] Level 1:colcon.colcon_core.package_identification:_identify(.) by extension 'ignore'
[0.531s] Level 1:colcon.colcon_core.package_identification:_identify(.) by extension 'ignore_ament_install'
[0.531s] Level 1:colcon.colcon_core.package_identification:_identify(.) by extensions ['colcon_pkg']
[0.531s] Level 1:colcon.colcon_core.package_identification:_identify(.) by extension 'colcon_pkg'
[0.531s] Level 1:colcon.colcon_core.package_identification:_identify(.) by extensions ['colcon_meta']
[0.531s] Level 1:colcon.colcon_core.package_identification:_identify(.) by extension 'colcon_meta'
[0.531s] Level 1:colcon.colcon_core.package_identification:_identify(.) by extensions ['ros']
[0.531s] Level 1:colcon.colcon_core.package_identification:_identify(.) by extension 'ros'
[0.554s] DEBUG:colcon.colcon_core.package_identification:Package '.' with type 'ros.ament_cmake' and name 'pal_fib_interfaces'
[0.554s] Level 1:colcon.colcon_core.package_discovery:discover_packages(recursive) using defaults
[0.554s] Level 1:colcon.colcon_core.package_discovery:discover_packages(ignore) discover
[0.554s] Level 1:colcon.colcon_core.package_discovery:discover_packages(ignore) using defaults
[0.554s] Level 1:colcon.colcon_core.package_discovery:discover_packages(path) discover
[0.554s] Level 1:colcon.colcon_core.package_discovery:discover_packages(path) using defaults
[0.573s] Level 1:colcon.colcon_core.package_discovery:discover_packages(prefix_path) check parameters
[0.573s] Level 1:colcon.colcon_core.package_discovery:discover_packages(prefix_path) discover
[0.574s] WARNING:colcon.colcon_core.prefix_path.colcon:The path '/home/ratan/Intern_Assignment/ros2_ws/install' in the environment variable COLCON_PREFIX_PATH doesn't exist
[0.574s] WARNING:colcon.colcon_core.prefix_path.colcon:The path '/home/ratan/ros2_ws_new/src/Robosub_ROS2_2024/install' in the environment variable COLCON_PREFIX_PATH doesn't exist
[0.574s] WARNING:colcon.colcon_ros.prefix_path.ament:The path '/home/ratan/ros2_ws_new/src/Robosub_ROS2_2024/install/auv_navigator' in the environment variable AMENT_PREFIX_PATH doesn't exist
[0.574s] WARNING:colcon.colcon_ros.prefix_path.ament:The path '/home/ratan/ros2_ws_new/src/Robosub_ROS2_2024/install/auv_localization' in the environment variable AMENT_PREFIX_PATH doesn't exist
[0.574s] WARNING:colcon.colcon_ros.prefix_path.ament:The path '/home/ratan/ros2_ws_new/src/Robosub_ROS2_2024/install/auv_drivers' in the environment variable AMENT_PREFIX_PATH doesn't exist
[0.574s] WARNING:colcon.colcon_ros.prefix_path.ament:The path '/home/ratan/ros2_ws_new/src/Robosub_ROS2_2024/install/auv_controller' in the environment variable AMENT_PREFIX_PATH doesn't exist
[0.574s] WARNING:colcon.colcon_ros.prefix_path.ament:The path '/home/ratan/ros2_ws_new/src/Robosub_ROS2_2024/install/auv_msgs' in the environment variable AMENT_PREFIX_PATH doesn't exist
[0.575s] WARNING:colcon.colcon_ros.prefix_path.ament:The path '/home/ratan/ros2_ws_new/src/Robosub_ROS2_2024/install/auv_acoustics' in the environment variable AMENT_PREFIX_PATH doesn't exist
[0.575s] WARNING:colcon.colcon_ros.prefix_path.catkin:The path '/home/ratan/ros2_ws_new/src/Robosub_ROS2_2024/install/auv_msgs' in the environment variable CMAKE_PREFIX_PATH doesn't exist
[0.576s] DEBUG:colcon.colcon_installed_package_information.package_discovery:Found 4 installed packages in /home/ratan/ros2_ws_new/install
[0.577s] DEBUG:colcon.colcon_installed_package_information.package_discovery:Found 5 installed packages in /home/ratan/ros2_ws_new/src/install
[0.577s] DEBUG:colcon.colcon_installed_package_information.package_discovery:Found 3 installed packages in /home/ratan/ros2_ws/src/install
[0.578s] DEBUG:colcon.colcon_installed_package_information.package_discovery:Found 1 installed packages in /home/ratan/ros2_ws/install
[0.578s] DEBUG:colcon.colcon_installed_package_information.package_discovery:Found 1 installed packages in /home/ratan/ros2_ws_new/palindrome_fibonacci/install
[0.579s] DEBUG:colcon.colcon_installed_package_information.package_discovery:Found 6 installed packages in /home/ratan/Robosub_ROS2_2024/install
[0.579s] DEBUG:colcon.colcon_installed_package_information.package_discovery:Found 292 installed packages in /opt/ros/humble
[0.581s] Level 1:colcon.colcon_core.package_discovery:discover_packages(prefix_path) using defaults
[0.613s] Level 5:colcon.colcon_core.verb:set package 'pal_fib_interfaces' build argument 'cmake_args' from command line to 'None'
[0.613s] Level 5:colcon.colcon_core.verb:set package 'pal_fib_interfaces' build argument 'cmake_target' from command line to 'None'
[0.613s] Level 5:colcon.colcon_core.verb:set package 'pal_fib_interfaces' build argument 'cmake_target_skip_unavailable' from command line to 'False'
[0.613s] Level 5:colcon.colcon_core.verb:set package 'pal_fib_interfaces' build argument 'cmake_clean_cache' from command line to 'False'
[0.613s] Level 5:colcon.colcon_core.verb:set package 'pal_fib_interfaces' build argument 'cmake_clean_first' from command line to 'False'
[0.613s] Level 5:colcon.colcon_core.verb:set package 'pal_fib_interfaces' build argument 'cmake_force_configure' from command line to 'False'
[0.613s] Level 5:colcon.colcon_core.verb:set package 'pal_fib_interfaces' build argument 'ament_cmake_args' from command line to 'None'
[0.613s] Level 5:colcon.colcon_core.verb:set package 'pal_fib_interfaces' build argument 'catkin_cmake_args' from command line to 'None'
[0.613s] Level 5:colcon.colcon_core.verb:set package 'pal_fib_interfaces' build argument 'catkin_skip_building_tests' from command line to 'False'
[0.613s] DEBUG:colcon.colcon_core.verb:Building package 'pal_fib_interfaces' with the following arguments: {'ament_cmake_args': None, 'build_base': '/home/ratan/ros2_ws_new/src/pal_fib_interfaces/build/pal_fib_interfaces', 'catkin_cmake_args': None, 'catkin_skip_building_tests': False, 'cmake_args': None, 'cmake_clean_cache': False, 'cmake_clean_first': False, 'cmake_force_configure': False, 'cmake_target': None, 'cmake_target_skip_unavailable': False, 'install_base': '/home/ratan/ros2_ws_new/src/pal_fib_interfaces/install/pal_fib_interfaces', 'merge_install': False, 'path': '/home/ratan/ros2_ws_new/src/pal_fib_interfaces', 'symlink_install': False, 'test_result_base': None}
[0.613s] INFO:colcon.colcon_core.executor:Executing jobs using 'parallel' executor
[0.615s] DEBUG:colcon.colcon_parallel_executor.executor.parallel:run_until_complete
[0.615s] INFO:colcon.colcon_ros.task.ament_cmake.build:Building ROS package in '/home/ratan/ros2_ws_new/src/pal_fib_interfaces' with build type 'ament_cmake'
[0.615s] INFO:colcon.colcon_cmake.task.cmake.build:Building CMake package in '/home/ratan/ros2_ws_new/src/pal_fib_interfaces'
[0.624s] INFO:colcon.colcon_core.plugin_system:Skipping extension 'colcon_core.shell.bat': Not used on non-Windows systems
[0.624s] INFO:colcon.colcon_core.shell:Skip shell extension 'powershell' for command environment: Not usable outside of PowerShell
[0.624s] DEBUG:colcon.colcon_core.shell:Skip shell extension 'dsv' for command environment
[0.639s] DEBUG:colcon.colcon_core.event_handler.log_command:Invoking command in '/home/ratan/ros2_ws_new/src/pal_fib_interfaces/build/pal_fib_interfaces': CMAKE_PREFIX_PATH=${CMAKE_PREFIX_PATH}:/home/ratan/ros2_ws_new/palindrome_fibonacci/install/palindrome_fibonacci:/home/ratan/Robosub_ROS2_2024/install/auv_navigator:/home/ratan/Robosub_ROS2_2024/install/auv_localization:/home/ratan/Robosub_ROS2_2024/install/auv_drivers:/home/ratan/Robosub_ROS2_2024/install/auv_controller:/home/ratan/Robosub_ROS2_2024/install/auv_acoustics:/home/ratan/ros2_ws_new/src/Robosub_ROS2_2024/install/auv_navigator:/home/ratan/ros2_ws_new/src/Robosub_ROS2_2024/install/auv_localization:/home/ratan/ros2_ws_new/src/Robosub_ROS2_2024/install/auv_drivers:/home/ratan/ros2_ws_new/src/Robosub_ROS2_2024/install/auv_controller:/home/ratan/ros2_ws_new/src/Robosub_ROS2_2024/install/auv_acoustics:/home/ratan/ros2_ws_new/install/service_manager:/home/ratan/ros2_ws_new/src/install/updated_service_manager:/home/ratan/ros2_ws_new/src/install/service_manager:/home/ratan/ros2_ws/src/install/service_manager:/home/ratan/ros2_ws/src/install/my_package:/home/ratan/ros2_ws/src/install/action_service:/home/ratan/ros2_ws/install/service_manager:/opt/ros/humble /usr/bin/cmake /home/ratan/ros2_ws_new/src/pal_fib_interfaces -DCMAKE_INSTALL_PREFIX=/home/ratan/ros2_ws_new/src/pal_fib_interfaces/install/pal_fib_interfaces
[2.792s] DEBUG:colcon.colcon_core.event_handler.log_command:Invoked command in '/home/ratan/ros2_ws_new/src/pal_fib_interfaces/build/pal_fib_interfaces' returned '0': CMAKE_PREFIX_PATH=${CMAKE_PREFIX_PATH}:/home/ratan/ros2_ws_new/palindrome_fibonacci/install/palindrome_fibonacci:/home/ratan/Robosub_ROS2_2024/install/auv_navigator:/home/ratan/Robosub_ROS2_2024/install/auv_localization:/home/ratan/Robosub_ROS2_2024/install/auv_drivers:/home/ratan/Robosub_ROS2_2024/install/auv_controller:/home/ratan/Robosub_ROS2_2024/install/auv_acoustics:/home/ratan/ros2_ws_new/src/Robosub_ROS2_2024/install/auv_navigator:/home/ratan/ros2_ws_new/src/Robosub_ROS2_2024/install/auv_localization:/home/ratan/ros2_ws_new/src/Robosub_ROS2_2024/install/auv_drivers:/home/ratan/ros2_ws_new/src/Robosub_ROS2_2024/install/auv_controller:/home/ratan/ros2_ws_new/src/Robosub_ROS2_2024/install/auv_acoustics:/home/ratan/ros2_ws_new/install/service_manager:/home/ratan/ros2_ws_new/src/install/updated_service_manager:/home/ratan/ros2_ws_new/src/install/service_manager:/home/ratan/ros2_ws/src/install/service_manager:/home/ratan/ros2_ws/src/install/my_package:/home/ratan/ros2_ws/src/install/action_service:/home/ratan/ros2_ws/install/service_manager:/opt/ros/humble /usr/bin/cmake /home/ratan/ros2_ws_new/src/pal_fib_interfaces -DCMAKE_INSTALL_PREFIX=/home/ratan/ros2_ws_new/src/pal_fib_interfaces/install/pal_fib_interfaces
[2.796s] DEBUG:colcon.colcon_core.event_handler.log_command:Invoking command in '/home/ratan/ros2_ws_new/src/pal_fib_interfaces/build/pal_fib_interfaces': CMAKE_PREFIX_PATH=${CMAKE_PREFIX_PATH}:/home/ratan/ros2_ws_new/palindrome_fibonacci/install/palindrome_fibonacci:/home/ratan/Robosub_ROS2_2024/install/auv_navigator:/home/ratan/Robosub_ROS2_2024/install/auv_localization:/home/ratan/Robosub_ROS2_2024/install/auv_drivers:/home/ratan/Robosub_ROS2_2024/install/auv_controller:/home/ratan/Robosub_ROS2_2024/install/auv_acoustics:/home/ratan/ros2_ws_new/src/Robosub_ROS2_2024/install/auv_navigator:/home/ratan/ros2_ws_new/src/Robosub_ROS2_2024/install/auv_localization:/home/ratan/ros2_ws_new/src/Robosub_ROS2_2024/install/auv_drivers:/home/ratan/ros2_ws_new/src/Robosub_ROS2_2024/install/auv_controller:/home/ratan/ros2_ws_new/src/Robosub_ROS2_2024/install/auv_acoustics:/home/ratan/ros2_ws_new/install/service_manager:/home/ratan/ros2_ws_new/src/install/updated_service_manager:/home/ratan/ros2_ws_new/src/install/service_manager:/home/ratan/ros2_ws/src/install/service_manager:/home/ratan/ros2_ws/src/install/my_package:/home/ratan/ros2_ws/src/install/action_service:/home/ratan/ros2_ws/install/service_manager:/opt/ros/humble /usr/bin/cmake --build /home/ratan/ros2_ws_new/src/pal_fib_interfaces/build/pal_fib_interfaces -- -j12 -l12
[5.402s] DEBUG:colcon.colcon_core.event_handler.log_command:Invoked command in '/home/ratan/ros2_ws_new/src/pal_fib_interfaces/build/pal_fib_interfaces' returned '0': CMAKE_PREFIX_PATH=${CMAKE_PREFIX_PATH}:/home/ratan/ros2_ws_new/palindrome_fibonacci/install/palindrome_fibonacci:/home/ratan/Robosub_ROS2_2024/install/auv_navigator:/home/ratan/Robosub_ROS2_2024/install/auv_localization:/home/ratan/Robosub_ROS2_2024/install/auv_drivers:/home/ratan/Robosub_ROS2_2024/install/auv_controller:/home/ratan/Robosub_ROS2_2024/install/auv_acoustics:/home/ratan/ros2_ws_new/src/Robosub_ROS2_2024/install/auv_navigator:/home/ratan/ros2_ws_new/src/Robosub_ROS2_2024/install/auv_localization:/home/ratan/ros2_ws_new/src/Robosub_ROS2_2024/install/auv_drivers:/home/ratan/ros2_ws_new/src/Robosub_ROS2_2024/install/auv_controller:/home/ratan/ros2_ws_new/src/Robosub_ROS2_2024/install/auv_acoustics:/home/ratan/ros2_ws_new/install/service_manager:/home/ratan/ros2_ws_new/src/install/updated_service_manager:/home/ratan/ros2_ws_new/src/install/service_manager:/home/ratan/ros2_ws/src/install/service_manager:/home/ratan/ros2_ws/src/install/my_package:/home/ratan/ros2_ws/src/install/action_service:/home/ratan/ros2_ws/install/service_manager:/opt/ros/humble /usr/bin/cmake --build /home/ratan/ros2_ws_new/src/pal_fib_interfaces/build/pal_fib_interfaces -- -j12 -l12
[5.410s] DEBUG:colcon.colcon_core.event_handler.log_command:Invoking command in '/home/ratan/ros2_ws_new/src/pal_fib_interfaces/build/pal_fib_interfaces': CMAKE_PREFIX_PATH=${CMAKE_PREFIX_PATH}:/home/ratan/ros2_ws_new/palindrome_fibonacci/install/palindrome_fibonacci:/home/ratan/Robosub_ROS2_2024/install/auv_navigator:/home/ratan/Robosub_ROS2_2024/install/auv_localization:/home/ratan/Robosub_ROS2_2024/install/auv_drivers:/home/ratan/Robosub_ROS2_2024/install/auv_controller:/home/ratan/Robosub_ROS2_2024/install/auv_acoustics:/home/ratan/ros2_ws_new/src/Robosub_ROS2_2024/install/auv_navigator:/home/ratan/ros2_ws_new/src/Robosub_ROS2_2024/install/auv_localization:/home/ratan/ros2_ws_new/src/Robosub_ROS2_2024/install/auv_drivers:/home/ratan/ros2_ws_new/src/Robosub_ROS2_2024/install/auv_controller:/home/ratan/ros2_ws_new/src/Robosub_ROS2_2024/install/auv_acoustics:/home/ratan/ros2_ws_new/install/service_manager:/home/ratan/ros2_ws_new/src/install/updated_service_manager:/home/ratan/ros2_ws_new/src/install/service_manager:/home/ratan/ros2_ws/src/install/service_manager:/home/ratan/ros2_ws/src/install/my_package:/home/ratan/ros2_ws/src/install/action_service:/home/ratan/ros2_ws/install/service_manager:/opt/ros/humble /usr/bin/cmake --install /home/ratan/ros2_ws_new/src/pal_fib_interfaces/build/pal_fib_interfaces
[5.478s] Level 1:colcon.colcon_core.environment:create_environment_scripts_only(pal_fib_interfaces)
[5.480s] DEBUG:colcon.colcon_core.event_handler.log_command:Invoked command in '/home/ratan/ros2_ws_new/src/pal_fib_interfaces/build/pal_fib_interfaces' returned '0': CMAKE_PREFIX_PATH=${CMAKE_PREFIX_PATH}:/home/ratan/ros2_ws_new/palindrome_fibonacci/install/palindrome_fibonacci:/home/ratan/Robosub_ROS2_2024/install/auv_navigator:/home/ratan/Robosub_ROS2_2024/install/auv_localization:/home/ratan/Robosub_ROS2_2024/install/auv_drivers:/home/ratan/Robosub_ROS2_2024/install/auv_controller:/home/ratan/Robosub_ROS2_2024/install/auv_acoustics:/home/ratan/ros2_ws_new/src/Robosub_ROS2_2024/install/auv_navigator:/home/ratan/ros2_ws_new/src/Robosub_ROS2_2024/install/auv_localization:/home/ratan/ros2_ws_new/src/Robosub_ROS2_2024/install/auv_drivers:/home/ratan/ros2_ws_new/src/Robosub_ROS2_2024/install/auv_controller:/home/ratan/ros2_ws_new/src/Robosub_ROS2_2024/install/auv_acoustics:/home/ratan/ros2_ws_new/install/service_manager:/home/ratan/ros2_ws_new/src/install/updated_service_manager:/home/ratan/ros2_ws_new/src/install/service_manager:/home/ratan/ros2_ws/src/install/service_manager:/home/ratan/ros2_ws/src/install/my_package:/home/ratan/ros2_ws/src/install/action_service:/home/ratan/ros2_ws/install/service_manager:/opt/ros/humble /usr/bin/cmake --install /home/ratan/ros2_ws_new/src/pal_fib_interfaces/build/pal_fib_interfaces
[5.482s] Level 1:colcon.colcon_core.environment:checking '/home/ratan/ros2_ws_new/src/pal_fib_interfaces/install/pal_fib_interfaces' for CMake module files
[5.483s] Level 1:colcon.colcon_core.environment:checking '/home/ratan/ros2_ws_new/src/pal_fib_interfaces/install/pal_fib_interfaces' for CMake config files
[5.483s] Level 1:colcon.colcon_core.shell:create_environment_hook('pal_fib_interfaces', 'cmake_prefix_path')
[5.483s] INFO:colcon.colcon_core.shell:Creating environment hook '/home/ratan/ros2_ws_new/src/pal_fib_interfaces/install/pal_fib_interfaces/share/pal_fib_interfaces/hook/cmake_prefix_path.ps1'
[5.485s] INFO:colcon.colcon_core.shell:Creating environment descriptor '/home/ratan/ros2_ws_new/src/pal_fib_interfaces/install/pal_fib_interfaces/share/pal_fib_interfaces/hook/cmake_prefix_path.dsv'
[5.485s] INFO:colcon.colcon_core.shell:Creating environment hook '/home/ratan/ros2_ws_new/src/pal_fib_interfaces/install/pal_fib_interfaces/share/pal_fib_interfaces/hook/cmake_prefix_path.sh'
[5.486s] Level 1:colcon.colcon_core.environment:checking '/home/ratan/ros2_ws_new/src/pal_fib_interfaces/install/pal_fib_interfaces/lib'
[5.487s] Level 1:colcon.colcon_core.shell:create_environment_hook('pal_fib_interfaces', 'ld_library_path_lib')
[5.487s] INFO:colcon.colcon_core.shell:Creating environment hook '/home/ratan/ros2_ws_new/src/pal_fib_interfaces/install/pal_fib_interfaces/share/pal_fib_interfaces/hook/ld_library_path_lib.ps1'
[5.487s] INFO:colcon.colcon_core.shell:Creating environment descriptor '/home/ratan/ros2_ws_new/src/pal_fib_interfaces/install/pal_fib_interfaces/share/pal_fib_interfaces/hook/ld_library_path_lib.dsv'
[5.487s] INFO:colcon.colcon_core.shell:Creating environment hook '/home/ratan/ros2_ws_new/src/pal_fib_interfaces/install/pal_fib_interfaces/share/pal_fib_interfaces/hook/ld_library_path_lib.sh'
[5.488s] Level 1:colcon.colcon_core.environment:checking '/home/ratan/ros2_ws_new/src/pal_fib_interfaces/install/pal_fib_interfaces/bin'
[5.488s] Level 1:colcon.colcon_core.environment:checking '/home/ratan/ros2_ws_new/src/pal_fib_interfaces/install/pal_fib_interfaces/lib/pkgconfig/pal_fib_interfaces.pc'
[5.488s] Level 1:colcon.colcon_core.environment:checking '/home/ratan/ros2_ws_new/src/pal_fib_interfaces/install/pal_fib_interfaces/lib/python3.10/site-packages'
[5.488s] Level 1:colcon.colcon_core.environment:checking '/home/ratan/ros2_ws_new/src/pal_fib_interfaces/install/pal_fib_interfaces/bin'
[5.488s] INFO:colcon.colcon_core.shell:Creating package script '/home/ratan/ros2_ws_new/src/pal_fib_interfaces/install/pal_fib_interfaces/share/pal_fib_interfaces/package.ps1'
[5.489s] INFO:colcon.colcon_core.shell:Creating package descriptor '/home/ratan/ros2_ws_new/src/pal_fib_interfaces/install/pal_fib_interfaces/share/pal_fib_interfaces/package.dsv'
[5.489s] INFO:colcon.colcon_core.shell:Creating package script '/home/ratan/ros2_ws_new/src/pal_fib_interfaces/install/pal_fib_interfaces/share/pal_fib_interfaces/package.sh'
[5.490s] INFO:colcon.colcon_core.shell:Creating package script '/home/ratan/ros2_ws_new/src/pal_fib_interfaces/install/pal_fib_interfaces/share/pal_fib_interfaces/package.bash'
[5.490s] INFO:colcon.colcon_core.shell:Creating package script '/home/ratan/ros2_ws_new/src/pal_fib_interfaces/install/pal_fib_interfaces/share/pal_fib_interfaces/package.zsh'
[5.491s] Level 1:colcon.colcon_core.environment:create_file_with_runtime_dependencies(/home/ratan/ros2_ws_new/src/pal_fib_interfaces/install/pal_fib_interfaces/share/colcon-core/packages/pal_fib_interfaces)
[5.491s] Level 1:colcon.colcon_core.environment:create_environment_scripts_only(pal_fib_interfaces)
[5.491s] Level 1:colcon.colcon_core.environment:checking '/home/ratan/ros2_ws_new/src/pal_fib_interfaces/install/pal_fib_interfaces' for CMake module files
[5.492s] Level 1:colcon.colcon_core.environment:checking '/home/ratan/ros2_ws_new/src/pal_fib_interfaces/install/pal_fib_interfaces' for CMake config files
[5.492s] Level 1:colcon.colcon_core.shell:create_environment_hook('pal_fib_interfaces', 'cmake_prefix_path')
[5.492s] INFO:colcon.colcon_core.shell:Creating environment hook '/home/ratan/ros2_ws_new/src/pal_fib_interfaces/install/pal_fib_interfaces/share/pal_fib_interfaces/hook/cmake_prefix_path.ps1'
[5.493s] INFO:colcon.colcon_core.shell:Creating environment descriptor '/home/ratan/ros2_ws_new/src/pal_fib_interfaces/install/pal_fib_interfaces/share/pal_fib_interfaces/hook/cmake_prefix_path.dsv'
[5.493s] INFO:colcon.colcon_core.shell:Creating environment hook '/home/ratan/ros2_ws_new/src/pal_fib_interfaces/install/pal_fib_interfaces/share/pal_fib_interfaces/hook/cmake_prefix_path.sh'
[5.493s] Level 1:colcon.colcon_core.environment:checking '/home/ratan/ros2_ws_new/src/pal_fib_interfaces/install/pal_fib_interfaces/lib'
[5.493s] Level 1:colcon.colcon_core.shell:create_environment_hook('pal_fib_interfaces', 'ld_library_path_lib')
[5.493s] INFO:colcon.colcon_core.shell:Creating environment hook '/home/ratan/ros2_ws_new/src/pal_fib_interfaces/install/pal_fib_interfaces/share/pal_fib_interfaces/hook/ld_library_path_lib.ps1'
[5.494s] INFO:colcon.colcon_core.shell:Creating environment descriptor '/home/ratan/ros2_ws_new/src/pal_fib_interfaces/install/pal_fib_interfaces/share/pal_fib_interfaces/hook/ld_library_path_lib.dsv'
[5.494s] INFO:colcon.colcon_core.shell:Creating environment hook '/home/ratan/ros2_ws_new/src/pal_fib_interfaces/install/pal_fib_interfaces/share/pal_fib_interfaces/hook/ld_library_path_lib.sh'
[5.494s] Level 1:colcon.colcon_core.environment:checking '/home/ratan/ros2_ws_new/src/pal_fib_interfaces/install/pal_fib_interfaces/bin'
[5.494s] Level 1:colcon.colcon_core.environment:checking '/home/ratan/ros2_ws_new/src/pal_fib_interfaces/install/pal_fib_interfaces/lib/pkgconfig/pal_fib_interfaces.pc'
[5.494s] Level 1:colcon.colcon_core.environment:checking '/home/ratan/ros2_ws_new/src/pal_fib_interfaces/install/pal_fib_interfaces/lib/python3.10/site-packages'
[5.495s] Level 1:colcon.colcon_core.environment:checking '/home/ratan/ros2_ws_new/src/pal_fib_interfaces/install/pal_fib_interfaces/bin'
[5.495s] INFO:colcon.colcon_core.shell:Creating package script '/home/ratan/ros2_ws_new/src/pal_fib_interfaces/install/pal_fib_interfaces/share/pal_fib_interfaces/package.ps1'
[5.495s] INFO:colcon.colcon_core.shell:Creating package descriptor '/home/ratan/ros2_ws_new/src/pal_fib_interfaces/install/pal_fib_interfaces/share/pal_fib_interfaces/package.dsv'
[5.496s] INFO:colcon.colcon_core.shell:Creating package script '/home/ratan/ros2_ws_new/src/pal_fib_interfaces/install/pal_fib_interfaces/share/pal_fib_interfaces/package.sh'
[5.496s] INFO:colcon.colcon_core.shell:Creating package script '/home/ratan/ros2_ws_new/src/pal_fib_interfaces/install/pal_fib_interfaces/share/pal_fib_interfaces/package.bash'
[5.496s] INFO:colcon.colcon_core.shell:Creating package script '/home/ratan/ros2_ws_new/src/pal_fib_interfaces/install/pal_fib_interfaces/share/pal_fib_interfaces/package.zsh'
[5.497s] Level 1:colcon.colcon_core.environment:create_file_with_runtime_dependencies(/home/ratan/ros2_ws_new/src/pal_fib_interfaces/install/pal_fib_interfaces/share/colcon-core/packages/pal_fib_interfaces)
[5.497s] DEBUG:colcon.colcon_parallel_executor.executor.parallel:closing loop
[5.498s] DEBUG:colcon.colcon_parallel_executor.executor.parallel:loop closed
[5.498s] DEBUG:colcon.colcon_parallel_executor.executor.parallel:run_until_complete finished with '0'
[5.498s] DEBUG:colcon.colcon_core.event_reactor:joining thread
[5.636s] INFO:colcon.colcon_core.plugin_system:Skipping extension 'colcon_notification.desktop_notification.notify_send': Could not find 'notify-send'
[5.636s] INFO:colcon.colcon_core.plugin_system:Skipping extension 'colcon_notification.desktop_notification.terminal_notifier': Not used on non-Darwin systems
[5.636s] INFO:colcon.colcon_core.plugin_system:Skipping extension 'colcon_notification.desktop_notification.win32': Not used on non-Windows systems
[5.636s] INFO:colcon.colcon_notification.desktop_notification:Sending desktop notification using 'notify2'
[5.637s] DEBUG:colcon.colcon_notification.desktop_notification.notify2:Failed to initialize notify2: org.freedesktop.DBus.Error.FileNotFound: Failed to connect to socket /run/user/1000/bus: No such file or directory
[5.637s] DEBUG:colcon.colcon_core.event_reactor:joined thread
[5.637s] INFO:colcon.colcon_core.shell:Creating prefix script '/home/ratan/ros2_ws_new/src/pal_fib_interfaces/install/local_setup.ps1'
[5.639s] INFO:colcon.colcon_core.shell:Creating prefix util module '/home/ratan/ros2_ws_new/src/pal_fib_interfaces/install/_local_setup_util_ps1.py'
[5.640s] INFO:colcon.colcon_core.shell:Creating prefix chain script '/home/ratan/ros2_ws_new/src/pal_fib_interfaces/install/setup.ps1'
[5.642s] INFO:colcon.colcon_core.shell:Creating prefix script '/home/ratan/ros2_ws_new/src/pal_fib_interfaces/install/local_setup.sh'
[5.642s] INFO:colcon.colcon_core.shell:Creating prefix util module '/home/ratan/ros2_ws_new/src/pal_fib_interfaces/install/_local_setup_util_sh.py'
[5.643s] INFO:colcon.colcon_core.shell:Creating prefix chain script '/home/ratan/ros2_ws_new/src/pal_fib_interfaces/install/setup.sh'
[5.645s] INFO:colcon.colcon_core.shell:Creating prefix script '/home/ratan/ros2_ws_new/src/pal_fib_interfaces/install/local_setup.bash'
[5.645s] INFO:colcon.colcon_core.shell:Creating prefix chain script '/home/ratan/ros2_ws_new/src/pal_fib_interfaces/install/setup.bash'
[5.646s] INFO:colcon.colcon_core.shell:Creating prefix script '/home/ratan/ros2_ws_new/src/pal_fib_interfaces/install/local_setup.zsh'
[5.646s] INFO:colcon.colcon_core.shell:Creating prefix chain script '/home/ratan/ros2_ws_new/src/pal_fib_interfaces/install/setup.zsh'
