[0.029s] Invoking command in '/home/ratan/ros2_ws_new/src/pal_fib_interfaces/build/pal_fib_interfaces': CMAKE_PREFIX_PATH=${CMAKE_PREFIX_PATH}:/home/ratan/ros2_ws_new/palindrome_fibonacci/install/palindrome_fibonacci:/home/ratan/Robosub_ROS2_2024/install/auv_navigator:/home/ratan/Robosub_ROS2_2024/install/auv_localization:/home/ratan/Robosub_ROS2_2024/install/auv_drivers:/home/ratan/Robosub_ROS2_2024/install/auv_controller:/home/ratan/Robosub_ROS2_2024/install/auv_acoustics:/home/ratan/ros2_ws_new/src/Robosub_ROS2_2024/install/auv_navigator:/home/ratan/ros2_ws_new/src/Robosub_ROS2_2024/install/auv_localization:/home/ratan/ros2_ws_new/src/Robosub_ROS2_2024/install/auv_drivers:/home/ratan/ros2_ws_new/src/Robosub_ROS2_2024/install/auv_controller:/home/ratan/ros2_ws_new/src/Robosub_ROS2_2024/install/auv_acoustics:/home/ratan/ros2_ws_new/install/service_manager:/home/ratan/ros2_ws_new/src/install/updated_service_manager:/home/ratan/ros2_ws_new/src/install/service_manager:/home/ratan/ros2_ws/src/install/service_manager:/home/ratan/ros2_ws/src/install/my_package:/home/ratan/ros2_ws/src/install/action_service:/home/ratan/ros2_ws/install/service_manager:/opt/ros/humble /usr/bin/cmake /home/ratan/ros2_ws_new/src/pal_fib_interfaces -DCMAKE_INSTALL_PREFIX=/home/ratan/ros2_ws_new/src/pal_fib_interfaces/install/pal_fib_interfaces
[0.449s] -- The C compiler identification is GNU 11.4.0
[1.724s] -- The CXX compiler identification is GNU 11.4.0
[2.405s] -- Detecting C compiler ABI info
[2.699s] -- Detecting C compiler ABI info - done
[2.706s] -- Check for working C compiler: /usr/bin/cc - skipped
[2.709s] -- Detecting C compile features
[2.710s] -- Detecting C compile features - done
[2.714s] -- Detecting CXX compiler ABI info
[2.960s] -- Detecting CXX compiler ABI info - done
[2.967s] -- Check for working CXX compiler: /usr/bin/c++ - skipped
[2.967s] -- Detecting CXX compile features
[2.967s] -- Detecting CXX compile features - done
[3.001s] -- Found ament_cmake: 1.3.10 (/opt/ros/humble/share/ament_cmake/cmake)
[3.178s] -- Found Python3: /usr/bin/python3 (found version "3.10.12") found components: Interpreter 
[3.295s] -- Found rosidl_default_generators: 1.2.0 (/opt/ros/humble/share/rosidl_default_generators/cmake)
[3.305s] -- Using all available rosidl_typesupport_c: rosidl_typesupport_fastrtps_c;rosidl_typesupport_introspection_c
[3.318s] -- Found rosidl_adapter: 3.1.5 (/opt/ros/humble/share/rosidl_adapter/cmake)
[3.570s] -- Using all available rosidl_typesupport_cpp: rosidl_typesupport_fastrtps_cpp;rosidl_typesupport_introspection_cpp
[3.631s] [31mCMake Error at /opt/ros/humble/share/rosidl_cmake/cmake/rosidl_generate_interfaces.cmake:93 (message):
[3.631s]   rosidl_generate_interfaces() the passed file 'srv/Pal.srv' doesn't exist
[3.631s]   relative to the CMAKE_CURRENT_SOURCE_DIR
[3.631s]   '/home/ratan/ros2_ws_new/src/pal_fib_interfaces'
[3.631s] Call Stack (most recent call first):
[3.632s]   CMakeLists.txt:16 (rosidl_generate_interfaces)
[3.632s] 
[3.632s] [0m
[3.632s] -- Configuring incomplete, errors occurred!
[3.632s] See also "/home/ratan/ros2_ws_new/src/pal_fib_interfaces/build/pal_fib_interfaces/CMakeFiles/CMakeOutput.log".
[3.638s] Invoked command in '/home/ratan/ros2_ws_new/src/pal_fib_interfaces/build/pal_fib_interfaces' returned '1': CMAKE_PREFIX_PATH=${CMAKE_PREFIX_PATH}:/home/ratan/ros2_ws_new/palindrome_fibonacci/install/palindrome_fibonacci:/home/ratan/Robosub_ROS2_2024/install/auv_navigator:/home/ratan/Robosub_ROS2_2024/install/auv_localization:/home/ratan/Robosub_ROS2_2024/install/auv_drivers:/home/ratan/Robosub_ROS2_2024/install/auv_controller:/home/ratan/Robosub_ROS2_2024/install/auv_acoustics:/home/ratan/ros2_ws_new/src/Robosub_ROS2_2024/install/auv_navigator:/home/ratan/ros2_ws_new/src/Robosub_ROS2_2024/install/auv_localization:/home/ratan/ros2_ws_new/src/Robosub_ROS2_2024/install/auv_drivers:/home/ratan/ros2_ws_new/src/Robosub_ROS2_2024/install/auv_controller:/home/ratan/ros2_ws_new/src/Robosub_ROS2_2024/install/auv_acoustics:/home/ratan/ros2_ws_new/install/service_manager:/home/ratan/ros2_ws_new/src/install/updated_service_manager:/home/ratan/ros2_ws_new/src/install/service_manager:/home/ratan/ros2_ws/src/install/service_manager:/home/ratan/ros2_ws/src/install/my_package:/home/ratan/ros2_ws/src/install/action_service:/home/ratan/ros2_ws/install/service_manager:/opt/ros/humble /usr/bin/cmake /home/ratan/ros2_ws_new/src/pal_fib_interfaces -DCMAKE_INSTALL_PREFIX=/home/ratan/ros2_ws_new/src/pal_fib_interfaces/install/pal_fib_interfaces
