-- Found ament_cmake: 1.3.10 (/opt/ros/humble/share/ament_cmake/cmake)
-- Found rosidl_default_generators: 1.2.0 (/opt/ros/humble/share/rosidl_default_generators/cmake)
-- Using all available rosidl_typesupport_c: rosidl_typesupport_fastrtps_c;rosidl_typesupport_introspection_c
-- Found rosidl_adapter: 3.1.5 (/opt/ros/humble/share/rosidl_adapter/cmake)
-- Using all available rosidl_typesupport_cpp: rosidl_typesupport_fastrtps_cpp;rosidl_typesupport_introspection_cpp
-- Found ament_cmake_ros: 0.10.0 (/opt/ros/humble/share/ament_cmake_ros/cmake)
-- Using all available rosidl_typesupport_c: rosidl_typesupport_fastrtps_c;rosidl_typesupport_introspection_c
-- Using all available rosidl_typesupport_cpp: rosidl_typesupport_fastrtps_cpp;rosidl_typesupport_introspection_cpp
-- Found PythonInterp: /usr/bin/python3 (found suitable version "3.10.12", minimum required is "3.6") 
-- Found python_cmake_module: 0.10.0 (/opt/ros/humble/share/python_cmake_module/cmake)
-- Found PythonLibs: /usr/lib/x86_64-linux-gnu/libpython3.10.so (found suitable version "3.10.12", minimum required is "3.5") 
-- Using PYTHON_EXECUTABLE: /usr/bin/python3
-- Using PYTHON_INCLUDE_DIRS: /usr/include/python3.10
-- Using PYTHON_LIBRARIES: /usr/lib/x86_64-linux-gnu/libpython3.10.so
-- Found PythonExtra: .so  
-- Found ament_lint_auto: 0.12.11 (/opt/ros/humble/share/ament_lint_auto/cmake)
-- Added test 'cppcheck' to perform static code analysis on C / C++ code
-- Configured cppcheck include dirs: $<BUILD_INTERFACE:/home/ratan/ros2_ws_new/src/pal_fib_interfaces/build/pal_fib_interfaces/rosidl_generator_c>;$<BUILD_INTERFACE:/home/ratan/ros2_ws_new/src/pal_fib_interfaces/build/pal_fib_interfaces/rosidl_typesupport_fastrtps_c>;$<BUILD_INTERFACE:/home/ratan/ros2_ws_new/src/pal_fib_interfaces/build/pal_fib_interfaces/rosidl_typesupport_introspection_c>;$<BUILD_INTERFACE:/home/ratan/ros2_ws_new/src/pal_fib_interfaces/build/pal_fib_interfaces/rosidl_generator_cpp>;$<BUILD_INTERFACE:/home/ratan/ros2_ws_new/src/pal_fib_interfaces/build/pal_fib_interfaces/rosidl_typesupport_fastrtps_cpp>;$<BUILD_INTERFACE:/home/ratan/ros2_ws_new/src/pal_fib_interfaces/build/pal_fib_interfaces/rosidl_typesupport_introspection_cpp>;/home/ratan/ros2_ws_new/src/pal_fib_interfaces/build/pal_fib_interfaces/rosidl_generator_c;/home/ratan/ros2_ws_new/src/pal_fib_interfaces/build/pal_fib_interfaces/rosidl_generator_py
-- Configured cppcheck exclude dirs and/or files: 
-- Added test 'flake8' to check Python code syntax and style conventions
-- Added test 'lint_cmake' to check CMake code style
-- Added test 'pep257' to check Python code against some of the docstring style conventions in PEP 257
-- Added test 'uncrustify' to check C / C++ code style
-- Configured uncrustify additional arguments: 
-- Added test 'xmllint' to check XML markup files
-- Configuring done
-- Generating done
-- Build files have been written to: /home/ratan/ros2_ws_new/src/pal_fib_interfaces/build/pal_fib_interfaces
[  3%] [34m[1mGenerating C code for ROS interfaces[0m
[  6%] [34m[1mGenerating C++ code for ROS interfaces[0m
[  6%] Built target ament_cmake_python_copy_pal_fib_interfaces
[  6%] Built target pal_fib_interfaces__cpp
[  9%] [34m[1mGenerating C++ type support dispatch for ROS interfaces[0m
[ 12%] [34m[1mGenerating C++ introspection for ROS interfaces[0m
[ 16%] [34m[1mGenerating C++ type support for eProsima Fast-RTPS[0m
[ 19%] [32mBuilding C object CMakeFiles/pal_fib_interfaces__rosidl_generator_c.dir/rosidl_generator_c/pal_fib_interfaces/srv/detail/pal__functions.c.o[0m
running egg_info
creating pal_fib_interfaces.egg-info
writing pal_fib_interfaces.egg-info/PKG-INFO
writing dependency_links to pal_fib_interfaces.egg-info/dependency_links.txt
writing top-level names to pal_fib_interfaces.egg-info/top_level.txt
writing manifest file 'pal_fib_interfaces.egg-info/SOURCES.txt'
reading manifest file 'pal_fib_interfaces.egg-info/SOURCES.txt'
writing manifest file 'pal_fib_interfaces.egg-info/SOURCES.txt'
[ 19%] Built target ament_cmake_python_build_pal_fib_interfaces_egg
[ 22%] [32m[1mLinking C shared library libpal_fib_interfaces__rosidl_generator_c.so[0m
[ 25%] [32mBuilding CXX object CMakeFiles/pal_fib_interfaces__rosidl_typesupport_cpp.dir/rosidl_typesupport_cpp/pal_fib_interfaces/srv/pal__type_support.cpp.o[0m
[ 25%] Built target pal_fib_interfaces__rosidl_generator_c
[ 29%] [34m[1mGenerating C introspection for ROS interfaces[0m
[ 32%] [34m[1mGenerating C type support dispatch for ROS interfaces[0m
[ 35%] [34m[1mGenerating C type support for eProsima Fast-RTPS[0m
[ 38%] [32mBuilding CXX object CMakeFiles/pal_fib_interfaces__rosidl_typesupport_fastrtps_cpp.dir/rosidl_typesupport_fastrtps_cpp/pal_fib_interfaces/srv/detail/dds_fastrtps/pal__type_support.cpp.o[0m
[ 41%] [32mBuilding CXX object CMakeFiles/pal_fib_interfaces__rosidl_typesupport_introspection_cpp.dir/rosidl_typesupport_introspection_cpp/pal_fib_interfaces/srv/detail/pal__type_support.cpp.o[0m
[ 45%] [32mBuilding CXX object CMakeFiles/pal_fib_interfaces__rosidl_typesupport_c.dir/rosidl_typesupport_c/pal_fib_interfaces/srv/pal__type_support.cpp.o[0m
[ 48%] [32mBuilding CXX object CMakeFiles/pal_fib_interfaces__rosidl_typesupport_fastrtps_c.dir/rosidl_typesupport_fastrtps_c/pal_fib_interfaces/srv/detail/pal__type_support_c.cpp.o[0m
[ 51%] [32mBuilding C object CMakeFiles/pal_fib_interfaces__rosidl_typesupport_introspection_c.dir/rosidl_typesupport_introspection_c/pal_fib_interfaces/srv/detail/pal__type_support.c.o[0m
[ 54%] [32m[1mLinking CXX shared library libpal_fib_interfaces__rosidl_typesupport_c.so[0m
[ 58%] [32m[1mLinking CXX shared library libpal_fib_interfaces__rosidl_typesupport_cpp.so[0m
[ 61%] [32m[1mLinking C shared library libpal_fib_interfaces__rosidl_typesupport_introspection_c.so[0m
[ 61%] Built target pal_fib_interfaces__rosidl_typesupport_introspection_c
[ 61%] Built target pal_fib_interfaces__rosidl_typesupport_c
[ 61%] Built target pal_fib_interfaces__rosidl_typesupport_cpp
[ 64%] [32m[1mLinking CXX shared library libpal_fib_interfaces__rosidl_typesupport_fastrtps_cpp.so[0m
[ 67%] [32m[1mLinking CXX shared library libpal_fib_interfaces__rosidl_typesupport_introspection_cpp.so[0m
[ 70%] [32m[1mLinking CXX shared library libpal_fib_interfaces__rosidl_typesupport_fastrtps_c.so[0m
[ 70%] Built target pal_fib_interfaces__rosidl_typesupport_introspection_cpp
[ 70%] Built target pal_fib_interfaces__rosidl_typesupport_fastrtps_cpp
[ 70%] Built target pal_fib_interfaces__rosidl_typesupport_fastrtps_c
[ 70%] Built target pal_fib_interfaces
[ 74%] [34m[1mGenerating Python code for ROS interfaces[0m
[ 74%] Built target pal_fib_interfaces__py
[ 77%] [32mBuilding C object CMakeFiles/pal_fib_interfaces__rosidl_generator_py.dir/rosidl_generator_py/pal_fib_interfaces/srv/_pal_s.c.o[0m
[ 80%] [32m[1mLinking C shared library rosidl_generator_py/pal_fib_interfaces/libpal_fib_interfaces__rosidl_generator_py.so[0m
[ 80%] Built target pal_fib_interfaces__rosidl_generator_py
[ 83%] [32mBuilding C object CMakeFiles/pal_fib_interfaces__rosidl_typesupport_fastrtps_c__pyext.dir/rosidl_generator_py/pal_fib_interfaces/_pal_fib_interfaces_s.ep.rosidl_typesupport_fastrtps_c.c.o[0m
[ 87%] [32mBuilding C object CMakeFiles/pal_fib_interfaces__rosidl_typesupport_c__pyext.dir/rosidl_generator_py/pal_fib_interfaces/_pal_fib_interfaces_s.ep.rosidl_typesupport_c.c.o[0m
[ 90%] [32mBuilding C object CMakeFiles/pal_fib_interfaces__rosidl_typesupport_introspection_c__pyext.dir/rosidl_generator_py/pal_fib_interfaces/_pal_fib_interfaces_s.ep.rosidl_typesupport_introspection_c.c.o[0m
[ 93%] [32m[1mLinking C shared library rosidl_generator_py/pal_fib_interfaces/pal_fib_interfaces_s__rosidl_typesupport_introspection_c.cpython-310-x86_64-linux-gnu.so[0m
[ 96%] [32m[1mLinking C shared library rosidl_generator_py/pal_fib_interfaces/pal_fib_interfaces_s__rosidl_typesupport_c.cpython-310-x86_64-linux-gnu.so[0m
[100%] [32m[1mLinking C shared library rosidl_generator_py/pal_fib_interfaces/pal_fib_interfaces_s__rosidl_typesupport_fastrtps_c.cpython-310-x86_64-linux-gnu.so[0m
[100%] Built target pal_fib_interfaces__rosidl_typesupport_c__pyext
[100%] Built target pal_fib_interfaces__rosidl_typesupport_introspection_c__pyext
[100%] Built target pal_fib_interfaces__rosidl_typesupport_fastrtps_c__pyext
-- Install configuration: ""
-- Installing: /home/ratan/ros2_ws_new/src/pal_fib_interfaces/install/pal_fib_interfaces/share/ament_index/resource_index/rosidl_interfaces/pal_fib_interfaces
-- Installing: /home/ratan/ros2_ws_new/src/pal_fib_interfaces/install/pal_fib_interfaces/include/pal_fib_interfaces/pal_fib_interfaces
-- Installing: /home/ratan/ros2_ws_new/src/pal_fib_interfaces/install/pal_fib_interfaces/include/pal_fib_interfaces/pal_fib_interfaces/srv
-- Installing: /home/ratan/ros2_ws_new/src/pal_fib_interfaces/install/pal_fib_interfaces/include/pal_fib_interfaces/pal_fib_interfaces/srv/pal.h
-- Installing: /home/ratan/ros2_ws_new/src/pal_fib_interfaces/install/pal_fib_interfaces/include/pal_fib_interfaces/pal_fib_interfaces/srv/detail
-- Installing: /home/ratan/ros2_ws_new/src/pal_fib_interfaces/install/pal_fib_interfaces/include/pal_fib_interfaces/pal_fib_interfaces/srv/detail/pal__type_support.h
-- Installing: /home/ratan/ros2_ws_new/src/pal_fib_interfaces/install/pal_fib_interfaces/include/pal_fib_interfaces/pal_fib_interfaces/srv/detail/pal__functions.h
-- Installing: /home/ratan/ros2_ws_new/src/pal_fib_interfaces/install/pal_fib_interfaces/include/pal_fib_interfaces/pal_fib_interfaces/srv/detail/pal__functions.c
-- Installing: /home/ratan/ros2_ws_new/src/pal_fib_interfaces/install/pal_fib_interfaces/include/pal_fib_interfaces/pal_fib_interfaces/srv/detail/pal__struct.h
-- Installing: /home/ratan/ros2_ws_new/src/pal_fib_interfaces/install/pal_fib_interfaces/include/pal_fib_interfaces/pal_fib_interfaces/msg
-- Installing: /home/ratan/ros2_ws_new/src/pal_fib_interfaces/install/pal_fib_interfaces/include/pal_fib_interfaces/pal_fib_interfaces/msg/rosidl_generator_c__visibility_control.h
-- Installing: /home/ratan/ros2_ws_new/src/pal_fib_interfaces/install/pal_fib_interfaces/share/pal_fib_interfaces/environment/library_path.sh
-- Installing: /home/ratan/ros2_ws_new/src/pal_fib_interfaces/install/pal_fib_interfaces/share/pal_fib_interfaces/environment/library_path.dsv
-- Installing: /home/ratan/ros2_ws_new/src/pal_fib_interfaces/install/pal_fib_interfaces/lib/libpal_fib_interfaces__rosidl_generator_c.so
-- Set runtime path of "/home/ratan/ros2_ws_new/src/pal_fib_interfaces/install/pal_fib_interfaces/lib/libpal_fib_interfaces__rosidl_generator_c.so" to ""
-- Up-to-date: /home/ratan/ros2_ws_new/src/pal_fib_interfaces/install/pal_fib_interfaces/include/pal_fib_interfaces/pal_fib_interfaces
-- Up-to-date: /home/ratan/ros2_ws_new/src/pal_fib_interfaces/install/pal_fib_interfaces/include/pal_fib_interfaces/pal_fib_interfaces/srv
-- Up-to-date: /home/ratan/ros2_ws_new/src/pal_fib_interfaces/install/pal_fib_interfaces/include/pal_fib_interfaces/pal_fib_interfaces/srv/detail
-- Installing: /home/ratan/ros2_ws_new/src/pal_fib_interfaces/install/pal_fib_interfaces/include/pal_fib_interfaces/pal_fib_interfaces/srv/detail/pal__rosidl_typesupport_fastrtps_c.h
-- Up-to-date: /home/ratan/ros2_ws_new/src/pal_fib_interfaces/install/pal_fib_interfaces/include/pal_fib_interfaces/pal_fib_interfaces/msg
-- Installing: /home/ratan/ros2_ws_new/src/pal_fib_interfaces/install/pal_fib_interfaces/include/pal_fib_interfaces/pal_fib_interfaces/msg/rosidl_typesupport_fastrtps_c__visibility_control.h
-- Installing: /home/ratan/ros2_ws_new/src/pal_fib_interfaces/install/pal_fib_interfaces/lib/libpal_fib_interfaces__rosidl_typesupport_fastrtps_c.so
-- Set runtime path of "/home/ratan/ros2_ws_new/src/pal_fib_interfaces/install/pal_fib_interfaces/lib/libpal_fib_interfaces__rosidl_typesupport_fastrtps_c.so" to ""
-- Up-to-date: /home/ratan/ros2_ws_new/src/pal_fib_interfaces/install/pal_fib_interfaces/include/pal_fib_interfaces/pal_fib_interfaces
-- Up-to-date: /home/ratan/ros2_ws_new/src/pal_fib_interfaces/install/pal_fib_interfaces/include/pal_fib_interfaces/pal_fib_interfaces/srv
-- Up-to-date: /home/ratan/ros2_ws_new/src/pal_fib_interfaces/install/pal_fib_interfaces/include/pal_fib_interfaces/pal_fib_interfaces/srv/detail
-- Installing: /home/ratan/ros2_ws_new/src/pal_fib_interfaces/install/pal_fib_interfaces/include/pal_fib_interfaces/pal_fib_interfaces/srv/detail/pal__rosidl_typesupport_introspection_c.h
-- Installing: /home/ratan/ros2_ws_new/src/pal_fib_interfaces/install/pal_fib_interfaces/include/pal_fib_interfaces/pal_fib_interfaces/srv/detail/pal__type_support.c
-- Up-to-date: /home/ratan/ros2_ws_new/src/pal_fib_interfaces/install/pal_fib_interfaces/include/pal_fib_interfaces/pal_fib_interfaces/msg
-- Installing: /home/ratan/ros2_ws_new/src/pal_fib_interfaces/install/pal_fib_interfaces/include/pal_fib_interfaces/pal_fib_interfaces/msg/rosidl_typesupport_introspection_c__visibility_control.h
-- Installing: /home/ratan/ros2_ws_new/src/pal_fib_interfaces/install/pal_fib_interfaces/lib/libpal_fib_interfaces__rosidl_typesupport_introspection_c.so
-- Set runtime path of "/home/ratan/ros2_ws_new/src/pal_fib_interfaces/install/pal_fib_interfaces/lib/libpal_fib_interfaces__rosidl_typesupport_introspection_c.so" to ""
-- Installing: /home/ratan/ros2_ws_new/src/pal_fib_interfaces/install/pal_fib_interfaces/lib/libpal_fib_interfaces__rosidl_typesupport_c.so
-- Set runtime path of "/home/ratan/ros2_ws_new/src/pal_fib_interfaces/install/pal_fib_interfaces/lib/libpal_fib_interfaces__rosidl_typesupport_c.so" to ""
-- Up-to-date: /home/ratan/ros2_ws_new/src/pal_fib_interfaces/install/pal_fib_interfaces/include/pal_fib_interfaces/pal_fib_interfaces
-- Up-to-date: /home/ratan/ros2_ws_new/src/pal_fib_interfaces/install/pal_fib_interfaces/include/pal_fib_interfaces/pal_fib_interfaces/srv
-- Up-to-date: /home/ratan/ros2_ws_new/src/pal_fib_interfaces/install/pal_fib_interfaces/include/pal_fib_interfaces/pal_fib_interfaces/srv/detail
-- Installing: /home/ratan/ros2_ws_new/src/pal_fib_interfaces/install/pal_fib_interfaces/include/pal_fib_interfaces/pal_fib_interfaces/srv/detail/pal__builder.hpp
-- Installing: /home/ratan/ros2_ws_new/src/pal_fib_interfaces/install/pal_fib_interfaces/include/pal_fib_interfaces/pal_fib_interfaces/srv/detail/pal__traits.hpp
-- Installing: /home/ratan/ros2_ws_new/src/pal_fib_interfaces/install/pal_fib_interfaces/include/pal_fib_interfaces/pal_fib_interfaces/srv/detail/pal__struct.hpp
-- Installing: /home/ratan/ros2_ws_new/src/pal_fib_interfaces/install/pal_fib_interfaces/include/pal_fib_interfaces/pal_fib_interfaces/srv/pal.hpp
-- Up-to-date: /home/ratan/ros2_ws_new/src/pal_fib_interfaces/install/pal_fib_interfaces/include/pal_fib_interfaces/pal_fib_interfaces
-- Up-to-date: /home/ratan/ros2_ws_new/src/pal_fib_interfaces/install/pal_fib_interfaces/include/pal_fib_interfaces/pal_fib_interfaces/srv
-- Up-to-date: /home/ratan/ros2_ws_new/src/pal_fib_interfaces/install/pal_fib_interfaces/include/pal_fib_interfaces/pal_fib_interfaces/srv/detail
-- Installing: /home/ratan/ros2_ws_new/src/pal_fib_interfaces/install/pal_fib_interfaces/include/pal_fib_interfaces/pal_fib_interfaces/srv/detail/pal__rosidl_typesupport_fastrtps_cpp.hpp
-- Installing: /home/ratan/ros2_ws_new/src/pal_fib_interfaces/install/pal_fib_interfaces/include/pal_fib_interfaces/pal_fib_interfaces/srv/detail/dds_fastrtps
-- Up-to-date: /home/ratan/ros2_ws_new/src/pal_fib_interfaces/install/pal_fib_interfaces/include/pal_fib_interfaces/pal_fib_interfaces/msg
-- Installing: /home/ratan/ros2_ws_new/src/pal_fib_interfaces/install/pal_fib_interfaces/include/pal_fib_interfaces/pal_fib_interfaces/msg/rosidl_typesupport_fastrtps_cpp__visibility_control.h
-- Installing: /home/ratan/ros2_ws_new/src/pal_fib_interfaces/install/pal_fib_interfaces/lib/libpal_fib_interfaces__rosidl_typesupport_fastrtps_cpp.so
-- Set runtime path of "/home/ratan/ros2_ws_new/src/pal_fib_interfaces/install/pal_fib_interfaces/lib/libpal_fib_interfaces__rosidl_typesupport_fastrtps_cpp.so" to ""
-- Up-to-date: /home/ratan/ros2_ws_new/src/pal_fib_interfaces/install/pal_fib_interfaces/include/pal_fib_interfaces/pal_fib_interfaces
-- Up-to-date: /home/ratan/ros2_ws_new/src/pal_fib_interfaces/install/pal_fib_interfaces/include/pal_fib_interfaces/pal_fib_interfaces/srv
-- Up-to-date: /home/ratan/ros2_ws_new/src/pal_fib_interfaces/install/pal_fib_interfaces/include/pal_fib_interfaces/pal_fib_interfaces/srv/detail
-- Installing: /home/ratan/ros2_ws_new/src/pal_fib_interfaces/install/pal_fib_interfaces/include/pal_fib_interfaces/pal_fib_interfaces/srv/detail/pal__type_support.cpp
-- Installing: /home/ratan/ros2_ws_new/src/pal_fib_interfaces/install/pal_fib_interfaces/include/pal_fib_interfaces/pal_fib_interfaces/srv/detail/pal__rosidl_typesupport_introspection_cpp.hpp
-- Installing: /home/ratan/ros2_ws_new/src/pal_fib_interfaces/install/pal_fib_interfaces/lib/libpal_fib_interfaces__rosidl_typesupport_introspection_cpp.so
-- Set runtime path of "/home/ratan/ros2_ws_new/src/pal_fib_interfaces/install/pal_fib_interfaces/lib/libpal_fib_interfaces__rosidl_typesupport_introspection_cpp.so" to ""
-- Installing: /home/ratan/ros2_ws_new/src/pal_fib_interfaces/install/pal_fib_interfaces/lib/libpal_fib_interfaces__rosidl_typesupport_cpp.so
-- Set runtime path of "/home/ratan/ros2_ws_new/src/pal_fib_interfaces/install/pal_fib_interfaces/lib/libpal_fib_interfaces__rosidl_typesupport_cpp.so" to ""
-- Installing: /home/ratan/ros2_ws_new/src/pal_fib_interfaces/install/pal_fib_interfaces/share/pal_fib_interfaces/environment/pythonpath.sh
-- Installing: /home/ratan/ros2_ws_new/src/pal_fib_interfaces/install/pal_fib_interfaces/share/pal_fib_interfaces/environment/pythonpath.dsv
-- Installing: /home/ratan/ros2_ws_new/src/pal_fib_interfaces/install/pal_fib_interfaces/local/lib/python3.10/dist-packages/pal_fib_interfaces-0.0.0-py3.10.egg-info
-- Installing: /home/ratan/ros2_ws_new/src/pal_fib_interfaces/install/pal_fib_interfaces/local/lib/python3.10/dist-packages/pal_fib_interfaces-0.0.0-py3.10.egg-info/PKG-INFO
-- Installing: /home/ratan/ros2_ws_new/src/pal_fib_interfaces/install/pal_fib_interfaces/local/lib/python3.10/dist-packages/pal_fib_interfaces-0.0.0-py3.10.egg-info/dependency_links.txt
-- Installing: /home/ratan/ros2_ws_new/src/pal_fib_interfaces/install/pal_fib_interfaces/local/lib/python3.10/dist-packages/pal_fib_interfaces-0.0.0-py3.10.egg-info/top_level.txt
-- Installing: /home/ratan/ros2_ws_new/src/pal_fib_interfaces/install/pal_fib_interfaces/local/lib/python3.10/dist-packages/pal_fib_interfaces-0.0.0-py3.10.egg-info/SOURCES.txt
-- Installing: /home/ratan/ros2_ws_new/src/pal_fib_interfaces/install/pal_fib_interfaces/local/lib/python3.10/dist-packages/pal_fib_interfaces
-- Installing: /home/ratan/ros2_ws_new/src/pal_fib_interfaces/install/pal_fib_interfaces/local/lib/python3.10/dist-packages/pal_fib_interfaces/libpal_fib_interfaces__rosidl_generator_py.so
-- Installing: /home/ratan/ros2_ws_new/src/pal_fib_interfaces/install/pal_fib_interfaces/local/lib/python3.10/dist-packages/pal_fib_interfaces/pal_fib_interfaces_s__rosidl_typesupport_c.cpython-310-x86_64-linux-gnu.so
-- Installing: /home/ratan/ros2_ws_new/src/pal_fib_interfaces/install/pal_fib_interfaces/local/lib/python3.10/dist-packages/pal_fib_interfaces/_pal_fib_interfaces_s.ep.rosidl_typesupport_introspection_c.c
-- Installing: /home/ratan/ros2_ws_new/src/pal_fib_interfaces/install/pal_fib_interfaces/local/lib/python3.10/dist-packages/pal_fib_interfaces/pal_fib_interfaces_s__rosidl_typesupport_fastrtps_c.cpython-310-x86_64-linux-gnu.so
-- Installing: /home/ratan/ros2_ws_new/src/pal_fib_interfaces/install/pal_fib_interfaces/local/lib/python3.10/dist-packages/pal_fib_interfaces/srv
-- Installing: /home/ratan/ros2_ws_new/src/pal_fib_interfaces/install/pal_fib_interfaces/local/lib/python3.10/dist-packages/pal_fib_interfaces/srv/_pal.py
-- Installing: /home/ratan/ros2_ws_new/src/pal_fib_interfaces/install/pal_fib_interfaces/local/lib/python3.10/dist-packages/pal_fib_interfaces/srv/__init__.py
-- Installing: /home/ratan/ros2_ws_new/src/pal_fib_interfaces/install/pal_fib_interfaces/local/lib/python3.10/dist-packages/pal_fib_interfaces/srv/_pal_s.c
-- Installing: /home/ratan/ros2_ws_new/src/pal_fib_interfaces/install/pal_fib_interfaces/local/lib/python3.10/dist-packages/pal_fib_interfaces/pal_fib_interfaces_s__rosidl_typesupport_introspection_c.cpython-310-x86_64-linux-gnu.so
-- Installing: /home/ratan/ros2_ws_new/src/pal_fib_interfaces/install/pal_fib_interfaces/local/lib/python3.10/dist-packages/pal_fib_interfaces/_pal_fib_interfaces_s.ep.rosidl_typesupport_fastrtps_c.c
-- Installing: /home/ratan/ros2_ws_new/src/pal_fib_interfaces/install/pal_fib_interfaces/local/lib/python3.10/dist-packages/pal_fib_interfaces/_pal_fib_interfaces_s.ep.rosidl_typesupport_c.c
-- Installing: /home/ratan/ros2_ws_new/src/pal_fib_interfaces/install/pal_fib_interfaces/local/lib/python3.10/dist-packages/pal_fib_interfaces/__init__.py
Listing '/home/ratan/ros2_ws_new/src/pal_fib_interfaces/install/pal_fib_interfaces/local/lib/python3.10/dist-packages/pal_fib_interfaces'...
Compiling '/home/ratan/ros2_ws_new/src/pal_fib_interfaces/install/pal_fib_interfaces/local/lib/python3.10/dist-packages/pal_fib_interfaces/__init__.py'...
Listing '/home/ratan/ros2_ws_new/src/pal_fib_interfaces/install/pal_fib_interfaces/local/lib/python3.10/dist-packages/pal_fib_interfaces/srv'...
Compiling '/home/ratan/ros2_ws_new/src/pal_fib_interfaces/install/pal_fib_interfaces/local/lib/python3.10/dist-packages/pal_fib_interfaces/srv/__init__.py'...
Compiling '/home/ratan/ros2_ws_new/src/pal_fib_interfaces/install/pal_fib_interfaces/local/lib/python3.10/dist-packages/pal_fib_interfaces/srv/_pal.py'...
-- Installing: /home/ratan/ros2_ws_new/src/pal_fib_interfaces/install/pal_fib_interfaces/local/lib/python3.10/dist-packages/pal_fib_interfaces/pal_fib_interfaces_s__rosidl_typesupport_fastrtps_c.cpython-310-x86_64-linux-gnu.so
-- Set runtime path of "/home/ratan/ros2_ws_new/src/pal_fib_interfaces/install/pal_fib_interfaces/local/lib/python3.10/dist-packages/pal_fib_interfaces/pal_fib_interfaces_s__rosidl_typesupport_fastrtps_c.cpython-310-x86_64-linux-gnu.so" to ""
-- Installing: /home/ratan/ros2_ws_new/src/pal_fib_interfaces/install/pal_fib_interfaces/local/lib/python3.10/dist-packages/pal_fib_interfaces/pal_fib_interfaces_s__rosidl_typesupport_introspection_c.cpython-310-x86_64-linux-gnu.so
-- Set runtime path of "/home/ratan/ros2_ws_new/src/pal_fib_interfaces/install/pal_fib_interfaces/local/lib/python3.10/dist-packages/pal_fib_interfaces/pal_fib_interfaces_s__rosidl_typesupport_introspection_c.cpython-310-x86_64-linux-gnu.so" to ""
-- Installing: /home/ratan/ros2_ws_new/src/pal_fib_interfaces/install/pal_fib_interfaces/local/lib/python3.10/dist-packages/pal_fib_interfaces/pal_fib_interfaces_s__rosidl_typesupport_c.cpython-310-x86_64-linux-gnu.so
-- Set runtime path of "/home/ratan/ros2_ws_new/src/pal_fib_interfaces/install/pal_fib_interfaces/local/lib/python3.10/dist-packages/pal_fib_interfaces/pal_fib_interfaces_s__rosidl_typesupport_c.cpython-310-x86_64-linux-gnu.so" to ""
-- Installing: /home/ratan/ros2_ws_new/src/pal_fib_interfaces/install/pal_fib_interfaces/lib/libpal_fib_interfaces__rosidl_generator_py.so
-- Set runtime path of "/home/ratan/ros2_ws_new/src/pal_fib_interfaces/install/pal_fib_interfaces/lib/libpal_fib_interfaces__rosidl_generator_py.so" to ""
-- Installing: /home/ratan/ros2_ws_new/src/pal_fib_interfaces/install/pal_fib_interfaces/share/pal_fib_interfaces/srv/Pal.idl
-- Installing: /home/ratan/ros2_ws_new/src/pal_fib_interfaces/install/pal_fib_interfaces/share/pal_fib_interfaces/srv/Pal.srv
-- Installing: /home/ratan/ros2_ws_new/src/pal_fib_interfaces/install/pal_fib_interfaces/share/pal_fib_interfaces/srv/Pal_Request.msg
-- Installing: /home/ratan/ros2_ws_new/src/pal_fib_interfaces/install/pal_fib_interfaces/share/pal_fib_interfaces/srv/Pal_Response.msg
-- Installing: /home/ratan/ros2_ws_new/src/pal_fib_interfaces/install/pal_fib_interfaces/share/ament_index/resource_index/package_run_dependencies/pal_fib_interfaces
-- Installing: /home/ratan/ros2_ws_new/src/pal_fib_interfaces/install/pal_fib_interfaces/share/ament_index/resource_index/parent_prefix_path/pal_fib_interfaces
-- Installing: /home/ratan/ros2_ws_new/src/pal_fib_interfaces/install/pal_fib_interfaces/share/pal_fib_interfaces/environment/ament_prefix_path.sh
-- Installing: /home/ratan/ros2_ws_new/src/pal_fib_interfaces/install/pal_fib_interfaces/share/pal_fib_interfaces/environment/ament_prefix_path.dsv
-- Installing: /home/ratan/ros2_ws_new/src/pal_fib_interfaces/install/pal_fib_interfaces/share/pal_fib_interfaces/environment/path.sh
-- Installing: /home/ratan/ros2_ws_new/src/pal_fib_interfaces/install/pal_fib_interfaces/share/pal_fib_interfaces/environment/path.dsv
-- Installing: /home/ratan/ros2_ws_new/src/pal_fib_interfaces/install/pal_fib_interfaces/share/pal_fib_interfaces/local_setup.bash
-- Installing: /home/ratan/ros2_ws_new/src/pal_fib_interfaces/install/pal_fib_interfaces/share/pal_fib_interfaces/local_setup.sh
-- Installing: /home/ratan/ros2_ws_new/src/pal_fib_interfaces/install/pal_fib_interfaces/share/pal_fib_interfaces/local_setup.zsh
-- Installing: /home/ratan/ros2_ws_new/src/pal_fib_interfaces/install/pal_fib_interfaces/share/pal_fib_interfaces/local_setup.dsv
-- Installing: /home/ratan/ros2_ws_new/src/pal_fib_interfaces/install/pal_fib_interfaces/share/pal_fib_interfaces/package.dsv
-- Installing: /home/ratan/ros2_ws_new/src/pal_fib_interfaces/install/pal_fib_interfaces/share/ament_index/resource_index/packages/pal_fib_interfaces
-- Installing: /home/ratan/ros2_ws_new/src/pal_fib_interfaces/install/pal_fib_interfaces/share/pal_fib_interfaces/cmake/export_pal_fib_interfaces__rosidl_generator_cExport.cmake
-- Installing: /home/ratan/ros2_ws_new/src/pal_fib_interfaces/install/pal_fib_interfaces/share/pal_fib_interfaces/cmake/export_pal_fib_interfaces__rosidl_generator_cExport-noconfig.cmake
-- Installing: /home/ratan/ros2_ws_new/src/pal_fib_interfaces/install/pal_fib_interfaces/share/pal_fib_interfaces/cmake/export_pal_fib_interfaces__rosidl_typesupport_fastrtps_cExport.cmake
-- Installing: /home/ratan/ros2_ws_new/src/pal_fib_interfaces/install/pal_fib_interfaces/share/pal_fib_interfaces/cmake/export_pal_fib_interfaces__rosidl_typesupport_fastrtps_cExport-noconfig.cmake
-- Installing: /home/ratan/ros2_ws_new/src/pal_fib_interfaces/install/pal_fib_interfaces/share/pal_fib_interfaces/cmake/pal_fib_interfaces__rosidl_typesupport_introspection_cExport.cmake
-- Installing: /home/ratan/ros2_ws_new/src/pal_fib_interfaces/install/pal_fib_interfaces/share/pal_fib_interfaces/cmake/pal_fib_interfaces__rosidl_typesupport_introspection_cExport-noconfig.cmake
-- Installing: /home/ratan/ros2_ws_new/src/pal_fib_interfaces/install/pal_fib_interfaces/share/pal_fib_interfaces/cmake/pal_fib_interfaces__rosidl_typesupport_cExport.cmake
-- Installing: /home/ratan/ros2_ws_new/src/pal_fib_interfaces/install/pal_fib_interfaces/share/pal_fib_interfaces/cmake/pal_fib_interfaces__rosidl_typesupport_cExport-noconfig.cmake
-- Installing: /home/ratan/ros2_ws_new/src/pal_fib_interfaces/install/pal_fib_interfaces/share/pal_fib_interfaces/cmake/export_pal_fib_interfaces__rosidl_generator_cppExport.cmake
-- Installing: /home/ratan/ros2_ws_new/src/pal_fib_interfaces/install/pal_fib_interfaces/share/pal_fib_interfaces/cmake/export_pal_fib_interfaces__rosidl_typesupport_fastrtps_cppExport.cmake
-- Installing: /home/ratan/ros2_ws_new/src/pal_fib_interfaces/install/pal_fib_interfaces/share/pal_fib_interfaces/cmake/export_pal_fib_interfaces__rosidl_typesupport_fastrtps_cppExport-noconfig.cmake
-- Installing: /home/ratan/ros2_ws_new/src/pal_fib_interfaces/install/pal_fib_interfaces/share/pal_fib_interfaces/cmake/pal_fib_interfaces__rosidl_typesupport_introspection_cppExport.cmake
-- Installing: /home/ratan/ros2_ws_new/src/pal_fib_interfaces/install/pal_fib_interfaces/share/pal_fib_interfaces/cmake/pal_fib_interfaces__rosidl_typesupport_introspection_cppExport-noconfig.cmake
-- Installing: /home/ratan/ros2_ws_new/src/pal_fib_interfaces/install/pal_fib_interfaces/share/pal_fib_interfaces/cmake/pal_fib_interfaces__rosidl_typesupport_cppExport.cmake
-- Installing: /home/ratan/ros2_ws_new/src/pal_fib_interfaces/install/pal_fib_interfaces/share/pal_fib_interfaces/cmake/pal_fib_interfaces__rosidl_typesupport_cppExport-noconfig.cmake
-- Installing: /home/ratan/ros2_ws_new/src/pal_fib_interfaces/install/pal_fib_interfaces/share/pal_fib_interfaces/cmake/export_pal_fib_interfaces__rosidl_generator_pyExport.cmake
-- Installing: /home/ratan/ros2_ws_new/src/pal_fib_interfaces/install/pal_fib_interfaces/share/pal_fib_interfaces/cmake/export_pal_fib_interfaces__rosidl_generator_pyExport-noconfig.cmake
-- Installing: /home/ratan/ros2_ws_new/src/pal_fib_interfaces/install/pal_fib_interfaces/share/pal_fib_interfaces/cmake/rosidl_cmake-extras.cmake
-- Installing: /home/ratan/ros2_ws_new/src/pal_fib_interfaces/install/pal_fib_interfaces/share/pal_fib_interfaces/cmake/ament_cmake_export_include_directories-extras.cmake
-- Installing: /home/ratan/ros2_ws_new/src/pal_fib_interfaces/install/pal_fib_interfaces/share/pal_fib_interfaces/cmake/ament_cmake_export_libraries-extras.cmake
-- Installing: /home/ratan/ros2_ws_new/src/pal_fib_interfaces/install/pal_fib_interfaces/share/pal_fib_interfaces/cmake/ament_cmake_export_targets-extras.cmake
-- Installing: /home/ratan/ros2_ws_new/src/pal_fib_interfaces/install/pal_fib_interfaces/share/pal_fib_interfaces/cmake/rosidl_cmake_export_typesupport_targets-extras.cmake
-- Installing: /home/ratan/ros2_ws_new/src/pal_fib_interfaces/install/pal_fib_interfaces/share/pal_fib_interfaces/cmake/ament_cmake_export_dependencies-extras.cmake
-- Installing: /home/ratan/ros2_ws_new/src/pal_fib_interfaces/install/pal_fib_interfaces/share/pal_fib_interfaces/cmake/rosidl_cmake_export_typesupport_libraries-extras.cmake
-- Installing: /home/ratan/ros2_ws_new/src/pal_fib_interfaces/install/pal_fib_interfaces/share/pal_fib_interfaces/cmake/pal_fib_interfacesConfig.cmake
-- Installing: /home/ratan/ros2_ws_new/src/pal_fib_interfaces/install/pal_fib_interfaces/share/pal_fib_interfaces/cmake/pal_fib_interfacesConfig-version.cmake
-- Installing: /home/ratan/ros2_ws_new/src/pal_fib_interfaces/install/pal_fib_interfaces/share/pal_fib_interfaces/package.xml
