[0.024s] Invoking command in '/home/ratan/ros2_ws_new/src/pal_fib_interfaces/build/pal_fib_interfaces': CMAKE_PREFIX_PATH=${CMAKE_PREFIX_PATH}:/home/ratan/ros2_ws_new/palindrome_fibonacci/install/palindrome_fibonacci:/home/ratan/Robosub_ROS2_2024/install/auv_navigator:/home/ratan/Robosub_ROS2_2024/install/auv_localization:/home/ratan/Robosub_ROS2_2024/install/auv_drivers:/home/ratan/Robosub_ROS2_2024/install/auv_controller:/home/ratan/Robosub_ROS2_2024/install/auv_acoustics:/home/ratan/ros2_ws_new/src/Robosub_ROS2_2024/install/auv_navigator:/home/ratan/ros2_ws_new/src/Robosub_ROS2_2024/install/auv_localization:/home/ratan/ros2_ws_new/src/Robosub_ROS2_2024/install/auv_drivers:/home/ratan/ros2_ws_new/src/Robosub_ROS2_2024/install/auv_controller:/home/ratan/ros2_ws_new/src/Robosub_ROS2_2024/install/auv_acoustics:/home/ratan/ros2_ws_new/install/service_manager:/home/ratan/ros2_ws_new/src/install/updated_service_manager:/home/ratan/ros2_ws_new/src/install/service_manager:/home/ratan/ros2_ws/src/install/service_manager:/home/ratan/ros2_ws/src/install/my_package:/home/ratan/ros2_ws/src/install/action_service:/home/ratan/ros2_ws/install/service_manager:/opt/ros/humble /usr/bin/cmake /home/ratan/ros2_ws_new/src/pal_fib_interfaces -DCMAKE_INSTALL_PREFIX=/home/ratan/ros2_ws_new/src/pal_fib_interfaces/install/pal_fib_interfaces
[0.034s] -- Found ament_cmake: 1.3.10 (/opt/ros/humble/share/ament_cmake/cmake)
[0.171s] -- Found rosidl_default_generators: 1.2.0 (/opt/ros/humble/share/rosidl_default_generators/cmake)
[0.176s] -- Using all available rosidl_typesupport_c: rosidl_typesupport_fastrtps_c;rosidl_typesupport_introspection_c
[0.178s] -- Found rosidl_adapter: 3.1.5 (/opt/ros/humble/share/rosidl_adapter/cmake)
[0.375s] -- Using all available rosidl_typesupport_cpp: rosidl_typesupport_fastrtps_cpp;rosidl_typesupport_introspection_cpp
[0.694s] -- Found ament_cmake_ros: 0.10.0 (/opt/ros/humble/share/ament_cmake_ros/cmake)
[0.943s] -- Using all available rosidl_typesupport_c: rosidl_typesupport_fastrtps_c;rosidl_typesupport_introspection_c
[1.221s] -- Using all available rosidl_typesupport_cpp: rosidl_typesupport_fastrtps_cpp;rosidl_typesupport_introspection_cpp
[1.403s] -- Found PythonInterp: /usr/bin/python3 (found suitable version "3.10.12", minimum required is "3.6") 
[1.408s] -- Found python_cmake_module: 0.10.0 (/opt/ros/humble/share/python_cmake_module/cmake)
[1.819s] -- Found PythonLibs: /usr/lib/x86_64-linux-gnu/libpython3.10.so (found suitable version "3.10.12", minimum required is "3.5") 
[1.820s] -- Using PYTHON_EXECUTABLE: /usr/bin/python3
[1.820s] -- Using PYTHON_INCLUDE_DIRS: /usr/include/python3.10
[1.820s] -- Using PYTHON_LIBRARIES: /usr/lib/x86_64-linux-gnu/libpython3.10.so
[1.843s] -- Found PythonExtra: .so  
[1.991s] -- Found ament_lint_auto: 0.12.11 (/opt/ros/humble/share/ament_lint_auto/cmake)
[2.065s] -- Added test 'cppcheck' to perform static code analysis on C / C++ code
[2.066s] -- Configured cppcheck include dirs: $<BUILD_INTERFACE:/home/ratan/ros2_ws_new/src/pal_fib_interfaces/build/pal_fib_interfaces/rosidl_generator_c>;$<BUILD_INTERFACE:/home/ratan/ros2_ws_new/src/pal_fib_interfaces/build/pal_fib_interfaces/rosidl_typesupport_fastrtps_c>;$<BUILD_INTERFACE:/home/ratan/ros2_ws_new/src/pal_fib_interfaces/build/pal_fib_interfaces/rosidl_typesupport_introspection_c>;$<BUILD_INTERFACE:/home/ratan/ros2_ws_new/src/pal_fib_interfaces/build/pal_fib_interfaces/rosidl_generator_cpp>;$<BUILD_INTERFACE:/home/ratan/ros2_ws_new/src/pal_fib_interfaces/build/pal_fib_interfaces/rosidl_typesupport_fastrtps_cpp>;$<BUILD_INTERFACE:/home/ratan/ros2_ws_new/src/pal_fib_interfaces/build/pal_fib_interfaces/rosidl_typesupport_introspection_cpp>;/home/ratan/ros2_ws_new/src/pal_fib_interfaces/build/pal_fib_interfaces/rosidl_generator_c;/home/ratan/ros2_ws_new/src/pal_fib_interfaces/build/pal_fib_interfaces/rosidl_generator_py
[2.066s] -- Configured cppcheck exclude dirs and/or files: 
[2.069s] -- Added test 'flake8' to check Python code syntax and style conventions
[2.071s] -- Added test 'lint_cmake' to check CMake code style
[2.074s] -- Added test 'pep257' to check Python code against some of the docstring style conventions in PEP 257
[2.080s] -- Added test 'uncrustify' to check C / C++ code style
[2.080s] -- Configured uncrustify additional arguments: 
[2.082s] -- Added test 'xmllint' to check XML markup files
[2.087s] -- Configuring done
[2.157s] -- Generating done
[2.170s] -- Build files have been written to: /home/ratan/ros2_ws_new/src/pal_fib_interfaces/build/pal_fib_interfaces
[2.177s] Invoked command in '/home/ratan/ros2_ws_new/src/pal_fib_interfaces/build/pal_fib_interfaces' returned '0': CMAKE_PREFIX_PATH=${CMAKE_PREFIX_PATH}:/home/ratan/ros2_ws_new/palindrome_fibonacci/install/palindrome_fibonacci:/home/ratan/Robosub_ROS2_2024/install/auv_navigator:/home/ratan/Robosub_ROS2_2024/install/auv_localization:/home/ratan/Robosub_ROS2_2024/install/auv_drivers:/home/ratan/Robosub_ROS2_2024/install/auv_controller:/home/ratan/Robosub_ROS2_2024/install/auv_acoustics:/home/ratan/ros2_ws_new/src/Robosub_ROS2_2024/install/auv_navigator:/home/ratan/ros2_ws_new/src/Robosub_ROS2_2024/install/auv_localization:/home/ratan/ros2_ws_new/src/Robosub_ROS2_2024/install/auv_drivers:/home/ratan/ros2_ws_new/src/Robosub_ROS2_2024/install/auv_controller:/home/ratan/ros2_ws_new/src/Robosub_ROS2_2024/install/auv_acoustics:/home/ratan/ros2_ws_new/install/service_manager:/home/ratan/ros2_ws_new/src/install/updated_service_manager:/home/ratan/ros2_ws_new/src/install/service_manager:/home/ratan/ros2_ws/src/install/service_manager:/home/ratan/ros2_ws/src/install/my_package:/home/ratan/ros2_ws/src/install/action_service:/home/ratan/ros2_ws/install/service_manager:/opt/ros/humble /usr/bin/cmake /home/ratan/ros2_ws_new/src/pal_fib_interfaces -DCMAKE_INSTALL_PREFIX=/home/ratan/ros2_ws_new/src/pal_fib_interfaces/install/pal_fib_interfaces
[2.180s] Invoking command in '/home/ratan/ros2_ws_new/src/pal_fib_interfaces/build/pal_fib_interfaces': CMAKE_PREFIX_PATH=${CMAKE_PREFIX_PATH}:/home/ratan/ros2_ws_new/palindrome_fibonacci/install/palindrome_fibonacci:/home/ratan/Robosub_ROS2_2024/install/auv_navigator:/home/ratan/Robosub_ROS2_2024/install/auv_localization:/home/ratan/Robosub_ROS2_2024/install/auv_drivers:/home/ratan/Robosub_ROS2_2024/install/auv_controller:/home/ratan/Robosub_ROS2_2024/install/auv_acoustics:/home/ratan/ros2_ws_new/src/Robosub_ROS2_2024/install/auv_navigator:/home/ratan/ros2_ws_new/src/Robosub_ROS2_2024/install/auv_localization:/home/ratan/ros2_ws_new/src/Robosub_ROS2_2024/install/auv_drivers:/home/ratan/ros2_ws_new/src/Robosub_ROS2_2024/install/auv_controller:/home/ratan/ros2_ws_new/src/Robosub_ROS2_2024/install/auv_acoustics:/home/ratan/ros2_ws_new/install/service_manager:/home/ratan/ros2_ws_new/src/install/updated_service_manager:/home/ratan/ros2_ws_new/src/install/service_manager:/home/ratan/ros2_ws/src/install/service_manager:/home/ratan/ros2_ws/src/install/my_package:/home/ratan/ros2_ws/src/install/action_service:/home/ratan/ros2_ws/install/service_manager:/opt/ros/humble /usr/bin/cmake --build /home/ratan/ros2_ws_new/src/pal_fib_interfaces/build/pal_fib_interfaces -- -j12 -l12
[2.210s] [  3%] [34m[1mGenerating C code for ROS interfaces[0m
[2.221s] [  6%] [34m[1mGenerating C++ code for ROS interfaces[0m
[2.231s] [  6%] Built target ament_cmake_python_copy_pal_fib_interfaces
[2.551s] [  6%] Built target pal_fib_interfaces__cpp
[2.560s] [  9%] [34m[1mGenerating C++ type support dispatch for ROS interfaces[0m
[2.560s] [ 12%] [34m[1mGenerating C++ introspection for ROS interfaces[0m
[2.562s] [ 16%] [34m[1mGenerating C++ type support for eProsima Fast-RTPS[0m
[2.568s] [ 19%] [32mBuilding C object CMakeFiles/pal_fib_interfaces__rosidl_generator_c.dir/rosidl_generator_c/pal_fib_interfaces/srv/detail/pal__functions.c.o[0m
[2.578s] running egg_info
[2.579s] creating pal_fib_interfaces.egg-info
[2.579s] writing pal_fib_interfaces.egg-info/PKG-INFO
[2.580s] writing dependency_links to pal_fib_interfaces.egg-info/dependency_links.txt
[2.580s] writing top-level names to pal_fib_interfaces.egg-info/top_level.txt
[2.581s] writing manifest file 'pal_fib_interfaces.egg-info/SOURCES.txt'
[2.597s] reading manifest file 'pal_fib_interfaces.egg-info/SOURCES.txt'
[2.598s] writing manifest file 'pal_fib_interfaces.egg-info/SOURCES.txt'
[2.631s] [ 19%] Built target ament_cmake_python_build_pal_fib_interfaces_egg
[2.704s] [ 22%] [32m[1mLinking C shared library libpal_fib_interfaces__rosidl_generator_c.so[0m
[2.821s] [ 25%] [32mBuilding CXX object CMakeFiles/pal_fib_interfaces__rosidl_typesupport_cpp.dir/rosidl_typesupport_cpp/pal_fib_interfaces/srv/pal__type_support.cpp.o[0m
[2.846s] [ 25%] Built target pal_fib_interfaces__rosidl_generator_c
[2.856s] [ 29%] [34m[1mGenerating C introspection for ROS interfaces[0m
[2.857s] [ 32%] [34m[1mGenerating C type support dispatch for ROS interfaces[0m
[2.859s] [ 35%] [34m[1mGenerating C type support for eProsima Fast-RTPS[0m
[2.875s] [ 38%] [32mBuilding CXX object CMakeFiles/pal_fib_interfaces__rosidl_typesupport_fastrtps_cpp.dir/rosidl_typesupport_fastrtps_cpp/pal_fib_interfaces/srv/detail/dds_fastrtps/pal__type_support.cpp.o[0m
[2.882s] [ 41%] [32mBuilding CXX object CMakeFiles/pal_fib_interfaces__rosidl_typesupport_introspection_cpp.dir/rosidl_typesupport_introspection_cpp/pal_fib_interfaces/srv/detail/pal__type_support.cpp.o[0m
[3.168s] [ 45%] [32mBuilding CXX object CMakeFiles/pal_fib_interfaces__rosidl_typesupport_c.dir/rosidl_typesupport_c/pal_fib_interfaces/srv/pal__type_support.cpp.o[0m
[3.197s] [ 48%] [32mBuilding CXX object CMakeFiles/pal_fib_interfaces__rosidl_typesupport_fastrtps_c.dir/rosidl_typesupport_fastrtps_c/pal_fib_interfaces/srv/detail/pal__type_support_c.cpp.o[0m
[3.206s] [ 51%] [32mBuilding C object CMakeFiles/pal_fib_interfaces__rosidl_typesupport_introspection_c.dir/rosidl_typesupport_introspection_c/pal_fib_interfaces/srv/detail/pal__type_support.c.o[0m
[3.214s] [ 54%] [32m[1mLinking CXX shared library libpal_fib_interfaces__rosidl_typesupport_c.so[0m
[3.251s] [ 58%] [32m[1mLinking CXX shared library libpal_fib_interfaces__rosidl_typesupport_cpp.so[0m
[3.256s] [ 61%] [32m[1mLinking C shared library libpal_fib_interfaces__rosidl_typesupport_introspection_c.so[0m
[3.382s] [ 61%] Built target pal_fib_interfaces__rosidl_typesupport_introspection_c
[3.390s] [ 61%] Built target pal_fib_interfaces__rosidl_typesupport_c
[3.396s] [ 61%] Built target pal_fib_interfaces__rosidl_typesupport_cpp
[3.414s] [ 64%] [32m[1mLinking CXX shared library libpal_fib_interfaces__rosidl_typesupport_fastrtps_cpp.so[0m
[3.416s] [ 67%] [32m[1mLinking CXX shared library libpal_fib_interfaces__rosidl_typesupport_introspection_cpp.so[0m
[3.553s] [ 70%] [32m[1mLinking CXX shared library libpal_fib_interfaces__rosidl_typesupport_fastrtps_c.so[0m
[3.554s] [ 70%] Built target pal_fib_interfaces__rosidl_typesupport_introspection_cpp
[3.564s] [ 70%] Built target pal_fib_interfaces__rosidl_typesupport_fastrtps_cpp
[3.706s] [ 70%] Built target pal_fib_interfaces__rosidl_typesupport_fastrtps_c
[3.722s] [ 70%] Built target pal_fib_interfaces
[3.739s] [ 74%] [34m[1mGenerating Python code for ROS interfaces[0m
[4.050s] [ 74%] Built target pal_fib_interfaces__py
[4.066s] [ 77%] [32mBuilding C object CMakeFiles/pal_fib_interfaces__rosidl_generator_py.dir/rosidl_generator_py/pal_fib_interfaces/srv/_pal_s.c.o[0m
[4.250s] [ 80%] [32m[1mLinking C shared library rosidl_generator_py/pal_fib_interfaces/libpal_fib_interfaces__rosidl_generator_py.so[0m
[4.549s] [ 80%] Built target pal_fib_interfaces__rosidl_generator_py
[4.566s] [ 83%] [32mBuilding C object CMakeFiles/pal_fib_interfaces__rosidl_typesupport_fastrtps_c__pyext.dir/rosidl_generator_py/pal_fib_interfaces/_pal_fib_interfaces_s.ep.rosidl_typesupport_fastrtps_c.c.o[0m
[4.567s] [ 87%] [32mBuilding C object CMakeFiles/pal_fib_interfaces__rosidl_typesupport_c__pyext.dir/rosidl_generator_py/pal_fib_interfaces/_pal_fib_interfaces_s.ep.rosidl_typesupport_c.c.o[0m
[4.568s] [ 90%] [32mBuilding C object CMakeFiles/pal_fib_interfaces__rosidl_typesupport_introspection_c__pyext.dir/rosidl_generator_py/pal_fib_interfaces/_pal_fib_interfaces_s.ep.rosidl_typesupport_introspection_c.c.o[0m
[4.666s] [ 93%] [32m[1mLinking C shared library rosidl_generator_py/pal_fib_interfaces/pal_fib_interfaces_s__rosidl_typesupport_introspection_c.cpython-310-x86_64-linux-gnu.so[0m
[4.666s] [ 96%] [32m[1mLinking C shared library rosidl_generator_py/pal_fib_interfaces/pal_fib_interfaces_s__rosidl_typesupport_c.cpython-310-x86_64-linux-gnu.so[0m
[4.673s] [100%] [32m[1mLinking C shared library rosidl_generator_py/pal_fib_interfaces/pal_fib_interfaces_s__rosidl_typesupport_fastrtps_c.cpython-310-x86_64-linux-gnu.so[0m
[4.747s] [100%] Built target pal_fib_interfaces__rosidl_typesupport_c__pyext
[4.747s] [100%] Built target pal_fib_interfaces__rosidl_typesupport_introspection_c__pyext
[4.777s] [100%] Built target pal_fib_interfaces__rosidl_typesupport_fastrtps_c__pyext
[4.786s] Invoked command in '/home/ratan/ros2_ws_new/src/pal_fib_interfaces/build/pal_fib_interfaces' returned '0': CMAKE_PREFIX_PATH=${CMAKE_PREFIX_PATH}:/home/ratan/ros2_ws_new/palindrome_fibonacci/install/palindrome_fibonacci:/home/ratan/Robosub_ROS2_2024/install/auv_navigator:/home/ratan/Robosub_ROS2_2024/install/auv_localization:/home/ratan/Robosub_ROS2_2024/install/auv_drivers:/home/ratan/Robosub_ROS2_2024/install/auv_controller:/home/ratan/Robosub_ROS2_2024/install/auv_acoustics:/home/ratan/ros2_ws_new/src/Robosub_ROS2_2024/install/auv_navigator:/home/ratan/ros2_ws_new/src/Robosub_ROS2_2024/install/auv_localization:/home/ratan/ros2_ws_new/src/Robosub_ROS2_2024/install/auv_drivers:/home/ratan/ros2_ws_new/src/Robosub_ROS2_2024/install/auv_controller:/home/ratan/ros2_ws_new/src/Robosub_ROS2_2024/install/auv_acoustics:/home/ratan/ros2_ws_new/install/service_manager:/home/ratan/ros2_ws_new/src/install/updated_service_manager:/home/ratan/ros2_ws_new/src/install/service_manager:/home/ratan/ros2_ws/src/install/service_manager:/home/ratan/ros2_ws/src/install/my_package:/home/ratan/ros2_ws/src/install/action_service:/home/ratan/ros2_ws/install/service_manager:/opt/ros/humble /usr/bin/cmake --build /home/ratan/ros2_ws_new/src/pal_fib_interfaces/build/pal_fib_interfaces -- -j12 -l12
[4.794s] Invoking command in '/home/ratan/ros2_ws_new/src/pal_fib_interfaces/build/pal_fib_interfaces': CMAKE_PREFIX_PATH=${CMAKE_PREFIX_PATH}:/home/ratan/ros2_ws_new/palindrome_fibonacci/install/palindrome_fibonacci:/home/ratan/Robosub_ROS2_2024/install/auv_navigator:/home/ratan/Robosub_ROS2_2024/install/auv_localization:/home/ratan/Robosub_ROS2_2024/install/auv_drivers:/home/ratan/Robosub_ROS2_2024/install/auv_controller:/home/ratan/Robosub_ROS2_2024/install/auv_acoustics:/home/ratan/ros2_ws_new/src/Robosub_ROS2_2024/install/auv_navigator:/home/ratan/ros2_ws_new/src/Robosub_ROS2_2024/install/auv_localization:/home/ratan/ros2_ws_new/src/Robosub_ROS2_2024/install/auv_drivers:/home/ratan/ros2_ws_new/src/Robosub_ROS2_2024/install/auv_controller:/home/ratan/ros2_ws_new/src/Robosub_ROS2_2024/install/auv_acoustics:/home/ratan/ros2_ws_new/install/service_manager:/home/ratan/ros2_ws_new/src/install/updated_service_manager:/home/ratan/ros2_ws_new/src/install/service_manager:/home/ratan/ros2_ws/src/install/service_manager:/home/ratan/ros2_ws/src/install/my_package:/home/ratan/ros2_ws/src/install/action_service:/home/ratan/ros2_ws/install/service_manager:/opt/ros/humble /usr/bin/cmake --install /home/ratan/ros2_ws_new/src/pal_fib_interfaces/build/pal_fib_interfaces
[4.800s] -- Install configuration: ""
[4.800s] -- Installing: /home/ratan/ros2_ws_new/src/pal_fib_interfaces/install/pal_fib_interfaces/share/ament_index/resource_index/rosidl_interfaces/pal_fib_interfaces
[4.800s] -- Installing: /home/ratan/ros2_ws_new/src/pal_fib_interfaces/install/pal_fib_interfaces/include/pal_fib_interfaces/pal_fib_interfaces
[4.800s] -- Installing: /home/ratan/ros2_ws_new/src/pal_fib_interfaces/install/pal_fib_interfaces/include/pal_fib_interfaces/pal_fib_interfaces/srv
[4.800s] -- Installing: /home/ratan/ros2_ws_new/src/pal_fib_interfaces/install/pal_fib_interfaces/include/pal_fib_interfaces/pal_fib_interfaces/srv/pal.h
[4.801s] -- Installing: /home/ratan/ros2_ws_new/src/pal_fib_interfaces/install/pal_fib_interfaces/include/pal_fib_interfaces/pal_fib_interfaces/srv/detail
[4.801s] -- Installing: /home/ratan/ros2_ws_new/src/pal_fib_interfaces/install/pal_fib_interfaces/include/pal_fib_interfaces/pal_fib_interfaces/srv/detail/pal__type_support.h
[4.801s] -- Installing: /home/ratan/ros2_ws_new/src/pal_fib_interfaces/install/pal_fib_interfaces/include/pal_fib_interfaces/pal_fib_interfaces/srv/detail/pal__functions.h
[4.801s] -- Installing: /home/ratan/ros2_ws_new/src/pal_fib_interfaces/install/pal_fib_interfaces/include/pal_fib_interfaces/pal_fib_interfaces/srv/detail/pal__functions.c
[4.801s] -- Installing: /home/ratan/ros2_ws_new/src/pal_fib_interfaces/install/pal_fib_interfaces/include/pal_fib_interfaces/pal_fib_interfaces/srv/detail/pal__struct.h
[4.801s] -- Installing: /home/ratan/ros2_ws_new/src/pal_fib_interfaces/install/pal_fib_interfaces/include/pal_fib_interfaces/pal_fib_interfaces/msg
[4.801s] -- Installing: /home/ratan/ros2_ws_new/src/pal_fib_interfaces/install/pal_fib_interfaces/include/pal_fib_interfaces/pal_fib_interfaces/msg/rosidl_generator_c__visibility_control.h
[4.802s] -- Installing: /home/ratan/ros2_ws_new/src/pal_fib_interfaces/install/pal_fib_interfaces/share/pal_fib_interfaces/environment/library_path.sh
[4.803s] -- Installing: /home/ratan/ros2_ws_new/src/pal_fib_interfaces/install/pal_fib_interfaces/share/pal_fib_interfaces/environment/library_path.dsv
[4.803s] -- Installing: /home/ratan/ros2_ws_new/src/pal_fib_interfaces/install/pal_fib_interfaces/lib/libpal_fib_interfaces__rosidl_generator_c.so
[4.803s] -- Set runtime path of "/home/ratan/ros2_ws_new/src/pal_fib_interfaces/install/pal_fib_interfaces/lib/libpal_fib_interfaces__rosidl_generator_c.so" to ""
[4.803s] -- Up-to-date: /home/ratan/ros2_ws_new/src/pal_fib_interfaces/install/pal_fib_interfaces/include/pal_fib_interfaces/pal_fib_interfaces
[4.803s] -- Up-to-date: /home/ratan/ros2_ws_new/src/pal_fib_interfaces/install/pal_fib_interfaces/include/pal_fib_interfaces/pal_fib_interfaces/srv
[4.804s] -- Up-to-date: /home/ratan/ros2_ws_new/src/pal_fib_interfaces/install/pal_fib_interfaces/include/pal_fib_interfaces/pal_fib_interfaces/srv/detail
[4.804s] -- Installing: /home/ratan/ros2_ws_new/src/pal_fib_interfaces/install/pal_fib_interfaces/include/pal_fib_interfaces/pal_fib_interfaces/srv/detail/pal__rosidl_typesupport_fastrtps_c.h
[4.804s] -- Up-to-date: /home/ratan/ros2_ws_new/src/pal_fib_interfaces/install/pal_fib_interfaces/include/pal_fib_interfaces/pal_fib_interfaces/msg
[4.804s] -- Installing: /home/ratan/ros2_ws_new/src/pal_fib_interfaces/install/pal_fib_interfaces/include/pal_fib_interfaces/pal_fib_interfaces/msg/rosidl_typesupport_fastrtps_c__visibility_control.h
[4.805s] -- Installing: /home/ratan/ros2_ws_new/src/pal_fib_interfaces/install/pal_fib_interfaces/lib/libpal_fib_interfaces__rosidl_typesupport_fastrtps_c.so
[4.805s] -- Set runtime path of "/home/ratan/ros2_ws_new/src/pal_fib_interfaces/install/pal_fib_interfaces/lib/libpal_fib_interfaces__rosidl_typesupport_fastrtps_c.so" to ""
[4.805s] -- Up-to-date: /home/ratan/ros2_ws_new/src/pal_fib_interfaces/install/pal_fib_interfaces/include/pal_fib_interfaces/pal_fib_interfaces
[4.805s] -- Up-to-date: /home/ratan/ros2_ws_new/src/pal_fib_interfaces/install/pal_fib_interfaces/include/pal_fib_interfaces/pal_fib_interfaces/srv
[4.805s] -- Up-to-date: /home/ratan/ros2_ws_new/src/pal_fib_interfaces/install/pal_fib_interfaces/include/pal_fib_interfaces/pal_fib_interfaces/srv/detail
[4.805s] -- Installing: /home/ratan/ros2_ws_new/src/pal_fib_interfaces/install/pal_fib_interfaces/include/pal_fib_interfaces/pal_fib_interfaces/srv/detail/pal__rosidl_typesupport_introspection_c.h
[4.805s] -- Installing: /home/ratan/ros2_ws_new/src/pal_fib_interfaces/install/pal_fib_interfaces/include/pal_fib_interfaces/pal_fib_interfaces/srv/detail/pal__type_support.c
[4.806s] -- Up-to-date: /home/ratan/ros2_ws_new/src/pal_fib_interfaces/install/pal_fib_interfaces/include/pal_fib_interfaces/pal_fib_interfaces/msg
[4.806s] -- Installing: /home/ratan/ros2_ws_new/src/pal_fib_interfaces/install/pal_fib_interfaces/include/pal_fib_interfaces/pal_fib_interfaces/msg/rosidl_typesupport_introspection_c__visibility_control.h
[4.806s] -- Installing: /home/ratan/ros2_ws_new/src/pal_fib_interfaces/install/pal_fib_interfaces/lib/libpal_fib_interfaces__rosidl_typesupport_introspection_c.so
[4.806s] -- Set runtime path of "/home/ratan/ros2_ws_new/src/pal_fib_interfaces/install/pal_fib_interfaces/lib/libpal_fib_interfaces__rosidl_typesupport_introspection_c.so" to ""
[4.806s] -- Installing: /home/ratan/ros2_ws_new/src/pal_fib_interfaces/install/pal_fib_interfaces/lib/libpal_fib_interfaces__rosidl_typesupport_c.so
[4.806s] -- Set runtime path of "/home/ratan/ros2_ws_new/src/pal_fib_interfaces/install/pal_fib_interfaces/lib/libpal_fib_interfaces__rosidl_typesupport_c.so" to ""
[4.806s] -- Up-to-date: /home/ratan/ros2_ws_new/src/pal_fib_interfaces/install/pal_fib_interfaces/include/pal_fib_interfaces/pal_fib_interfaces
[4.807s] -- Up-to-date: /home/ratan/ros2_ws_new/src/pal_fib_interfaces/install/pal_fib_interfaces/include/pal_fib_interfaces/pal_fib_interfaces/srv
[4.807s] -- Up-to-date: /home/ratan/ros2_ws_new/src/pal_fib_interfaces/install/pal_fib_interfaces/include/pal_fib_interfaces/pal_fib_interfaces/srv/detail
[4.807s] -- Installing: /home/ratan/ros2_ws_new/src/pal_fib_interfaces/install/pal_fib_interfaces/include/pal_fib_interfaces/pal_fib_interfaces/srv/detail/pal__builder.hpp
[4.807s] -- Installing: /home/ratan/ros2_ws_new/src/pal_fib_interfaces/install/pal_fib_interfaces/include/pal_fib_interfaces/pal_fib_interfaces/srv/detail/pal__traits.hpp
[4.807s] -- Installing: /home/ratan/ros2_ws_new/src/pal_fib_interfaces/install/pal_fib_interfaces/include/pal_fib_interfaces/pal_fib_interfaces/srv/detail/pal__struct.hpp
[4.807s] -- Installing: /home/ratan/ros2_ws_new/src/pal_fib_interfaces/install/pal_fib_interfaces/include/pal_fib_interfaces/pal_fib_interfaces/srv/pal.hpp
[4.807s] -- Up-to-date: /home/ratan/ros2_ws_new/src/pal_fib_interfaces/install/pal_fib_interfaces/include/pal_fib_interfaces/pal_fib_interfaces
[4.807s] -- Up-to-date: /home/ratan/ros2_ws_new/src/pal_fib_interfaces/install/pal_fib_interfaces/include/pal_fib_interfaces/pal_fib_interfaces/srv
[4.808s] -- Up-to-date: /home/ratan/ros2_ws_new/src/pal_fib_interfaces/install/pal_fib_interfaces/include/pal_fib_interfaces/pal_fib_interfaces/srv/detail
[4.808s] -- Installing: /home/ratan/ros2_ws_new/src/pal_fib_interfaces/install/pal_fib_interfaces/include/pal_fib_interfaces/pal_fib_interfaces/srv/detail/pal__rosidl_typesupport_fastrtps_cpp.hpp
[4.808s] -- Installing: /home/ratan/ros2_ws_new/src/pal_fib_interfaces/install/pal_fib_interfaces/include/pal_fib_interfaces/pal_fib_interfaces/srv/detail/dds_fastrtps
[4.808s] -- Up-to-date: /home/ratan/ros2_ws_new/src/pal_fib_interfaces/install/pal_fib_interfaces/include/pal_fib_interfaces/pal_fib_interfaces/msg
[4.808s] -- Installing: /home/ratan/ros2_ws_new/src/pal_fib_interfaces/install/pal_fib_interfaces/include/pal_fib_interfaces/pal_fib_interfaces/msg/rosidl_typesupport_fastrtps_cpp__visibility_control.h
[4.808s] -- Installing: /home/ratan/ros2_ws_new/src/pal_fib_interfaces/install/pal_fib_interfaces/lib/libpal_fib_interfaces__rosidl_typesupport_fastrtps_cpp.so
[4.808s] -- Set runtime path of "/home/ratan/ros2_ws_new/src/pal_fib_interfaces/install/pal_fib_interfaces/lib/libpal_fib_interfaces__rosidl_typesupport_fastrtps_cpp.so" to ""
[4.808s] -- Up-to-date: /home/ratan/ros2_ws_new/src/pal_fib_interfaces/install/pal_fib_interfaces/include/pal_fib_interfaces/pal_fib_interfaces
[4.808s] -- Up-to-date: /home/ratan/ros2_ws_new/src/pal_fib_interfaces/install/pal_fib_interfaces/include/pal_fib_interfaces/pal_fib_interfaces/srv
[4.808s] -- Up-to-date: /home/ratan/ros2_ws_new/src/pal_fib_interfaces/install/pal_fib_interfaces/include/pal_fib_interfaces/pal_fib_interfaces/srv/detail
[4.809s] -- Installing: /home/ratan/ros2_ws_new/src/pal_fib_interfaces/install/pal_fib_interfaces/include/pal_fib_interfaces/pal_fib_interfaces/srv/detail/pal__type_support.cpp
[4.809s] -- Installing: /home/ratan/ros2_ws_new/src/pal_fib_interfaces/install/pal_fib_interfaces/include/pal_fib_interfaces/pal_fib_interfaces/srv/detail/pal__rosidl_typesupport_introspection_cpp.hpp
[4.809s] -- Installing: /home/ratan/ros2_ws_new/src/pal_fib_interfaces/install/pal_fib_interfaces/lib/libpal_fib_interfaces__rosidl_typesupport_introspection_cpp.so
[4.809s] -- Set runtime path of "/home/ratan/ros2_ws_new/src/pal_fib_interfaces/install/pal_fib_interfaces/lib/libpal_fib_interfaces__rosidl_typesupport_introspection_cpp.so" to ""
[4.809s] -- Installing: /home/ratan/ros2_ws_new/src/pal_fib_interfaces/install/pal_fib_interfaces/lib/libpal_fib_interfaces__rosidl_typesupport_cpp.so
[4.809s] -- Set runtime path of "/home/ratan/ros2_ws_new/src/pal_fib_interfaces/install/pal_fib_interfaces/lib/libpal_fib_interfaces__rosidl_typesupport_cpp.so" to ""
[4.809s] -- Installing: /home/ratan/ros2_ws_new/src/pal_fib_interfaces/install/pal_fib_interfaces/share/pal_fib_interfaces/environment/pythonpath.sh
[4.809s] -- Installing: /home/ratan/ros2_ws_new/src/pal_fib_interfaces/install/pal_fib_interfaces/share/pal_fib_interfaces/environment/pythonpath.dsv
[4.809s] -- Installing: /home/ratan/ros2_ws_new/src/pal_fib_interfaces/install/pal_fib_interfaces/local/lib/python3.10/dist-packages/pal_fib_interfaces-0.0.0-py3.10.egg-info
[4.809s] -- Installing: /home/ratan/ros2_ws_new/src/pal_fib_interfaces/install/pal_fib_interfaces/local/lib/python3.10/dist-packages/pal_fib_interfaces-0.0.0-py3.10.egg-info/PKG-INFO
[4.809s] -- Installing: /home/ratan/ros2_ws_new/src/pal_fib_interfaces/install/pal_fib_interfaces/local/lib/python3.10/dist-packages/pal_fib_interfaces-0.0.0-py3.10.egg-info/dependency_links.txt
[4.810s] -- Installing: /home/ratan/ros2_ws_new/src/pal_fib_interfaces/install/pal_fib_interfaces/local/lib/python3.10/dist-packages/pal_fib_interfaces-0.0.0-py3.10.egg-info/top_level.txt
[4.810s] -- Installing: /home/ratan/ros2_ws_new/src/pal_fib_interfaces/install/pal_fib_interfaces/local/lib/python3.10/dist-packages/pal_fib_interfaces-0.0.0-py3.10.egg-info/SOURCES.txt
[4.810s] -- Installing: /home/ratan/ros2_ws_new/src/pal_fib_interfaces/install/pal_fib_interfaces/local/lib/python3.10/dist-packages/pal_fib_interfaces
[4.810s] -- Installing: /home/ratan/ros2_ws_new/src/pal_fib_interfaces/install/pal_fib_interfaces/local/lib/python3.10/dist-packages/pal_fib_interfaces/libpal_fib_interfaces__rosidl_generator_py.so
[4.810s] -- Installing: /home/ratan/ros2_ws_new/src/pal_fib_interfaces/install/pal_fib_interfaces/local/lib/python3.10/dist-packages/pal_fib_interfaces/pal_fib_interfaces_s__rosidl_typesupport_c.cpython-310-x86_64-linux-gnu.so
[4.810s] -- Installing: /home/ratan/ros2_ws_new/src/pal_fib_interfaces/install/pal_fib_interfaces/local/lib/python3.10/dist-packages/pal_fib_interfaces/_pal_fib_interfaces_s.ep.rosidl_typesupport_introspection_c.c
[4.810s] -- Installing: /home/ratan/ros2_ws_new/src/pal_fib_interfaces/install/pal_fib_interfaces/local/lib/python3.10/dist-packages/pal_fib_interfaces/pal_fib_interfaces_s__rosidl_typesupport_fastrtps_c.cpython-310-x86_64-linux-gnu.so
[4.810s] -- Installing: /home/ratan/ros2_ws_new/src/pal_fib_interfaces/install/pal_fib_interfaces/local/lib/python3.10/dist-packages/pal_fib_interfaces/srv
[4.810s] -- Installing: /home/ratan/ros2_ws_new/src/pal_fib_interfaces/install/pal_fib_interfaces/local/lib/python3.10/dist-packages/pal_fib_interfaces/srv/_pal.py
[4.810s] -- Installing: /home/ratan/ros2_ws_new/src/pal_fib_interfaces/install/pal_fib_interfaces/local/lib/python3.10/dist-packages/pal_fib_interfaces/srv/__init__.py
[4.810s] -- Installing: /home/ratan/ros2_ws_new/src/pal_fib_interfaces/install/pal_fib_interfaces/local/lib/python3.10/dist-packages/pal_fib_interfaces/srv/_pal_s.c
[4.810s] -- Installing: /home/ratan/ros2_ws_new/src/pal_fib_interfaces/install/pal_fib_interfaces/local/lib/python3.10/dist-packages/pal_fib_interfaces/pal_fib_interfaces_s__rosidl_typesupport_introspection_c.cpython-310-x86_64-linux-gnu.so
[4.811s] -- Installing: /home/ratan/ros2_ws_new/src/pal_fib_interfaces/install/pal_fib_interfaces/local/lib/python3.10/dist-packages/pal_fib_interfaces/_pal_fib_interfaces_s.ep.rosidl_typesupport_fastrtps_c.c
[4.811s] -- Installing: /home/ratan/ros2_ws_new/src/pal_fib_interfaces/install/pal_fib_interfaces/local/lib/python3.10/dist-packages/pal_fib_interfaces/_pal_fib_interfaces_s.ep.rosidl_typesupport_c.c
[4.811s] -- Installing: /home/ratan/ros2_ws_new/src/pal_fib_interfaces/install/pal_fib_interfaces/local/lib/python3.10/dist-packages/pal_fib_interfaces/__init__.py
[4.848s] Listing '/home/ratan/ros2_ws_new/src/pal_fib_interfaces/install/pal_fib_interfaces/local/lib/python3.10/dist-packages/pal_fib_interfaces'...
[4.848s] Compiling '/home/ratan/ros2_ws_new/src/pal_fib_interfaces/install/pal_fib_interfaces/local/lib/python3.10/dist-packages/pal_fib_interfaces/__init__.py'...
[4.848s] Listing '/home/ratan/ros2_ws_new/src/pal_fib_interfaces/install/pal_fib_interfaces/local/lib/python3.10/dist-packages/pal_fib_interfaces/srv'...
[4.848s] Compiling '/home/ratan/ros2_ws_new/src/pal_fib_interfaces/install/pal_fib_interfaces/local/lib/python3.10/dist-packages/pal_fib_interfaces/srv/__init__.py'...
[4.848s] Compiling '/home/ratan/ros2_ws_new/src/pal_fib_interfaces/install/pal_fib_interfaces/local/lib/python3.10/dist-packages/pal_fib_interfaces/srv/_pal.py'...
[4.852s] -- Installing: /home/ratan/ros2_ws_new/src/pal_fib_interfaces/install/pal_fib_interfaces/local/lib/python3.10/dist-packages/pal_fib_interfaces/pal_fib_interfaces_s__rosidl_typesupport_fastrtps_c.cpython-310-x86_64-linux-gnu.so
[4.852s] -- Set runtime path of "/home/ratan/ros2_ws_new/src/pal_fib_interfaces/install/pal_fib_interfaces/local/lib/python3.10/dist-packages/pal_fib_interfaces/pal_fib_interfaces_s__rosidl_typesupport_fastrtps_c.cpython-310-x86_64-linux-gnu.so" to ""
[4.852s] -- Installing: /home/ratan/ros2_ws_new/src/pal_fib_interfaces/install/pal_fib_interfaces/local/lib/python3.10/dist-packages/pal_fib_interfaces/pal_fib_interfaces_s__rosidl_typesupport_introspection_c.cpython-310-x86_64-linux-gnu.so
[4.852s] -- Set runtime path of "/home/ratan/ros2_ws_new/src/pal_fib_interfaces/install/pal_fib_interfaces/local/lib/python3.10/dist-packages/pal_fib_interfaces/pal_fib_interfaces_s__rosidl_typesupport_introspection_c.cpython-310-x86_64-linux-gnu.so" to ""
[4.853s] -- Installing: /home/ratan/ros2_ws_new/src/pal_fib_interfaces/install/pal_fib_interfaces/local/lib/python3.10/dist-packages/pal_fib_interfaces/pal_fib_interfaces_s__rosidl_typesupport_c.cpython-310-x86_64-linux-gnu.so
[4.853s] -- Set runtime path of "/home/ratan/ros2_ws_new/src/pal_fib_interfaces/install/pal_fib_interfaces/local/lib/python3.10/dist-packages/pal_fib_interfaces/pal_fib_interfaces_s__rosidl_typesupport_c.cpython-310-x86_64-linux-gnu.so" to ""
[4.853s] -- Installing: /home/ratan/ros2_ws_new/src/pal_fib_interfaces/install/pal_fib_interfaces/lib/libpal_fib_interfaces__rosidl_generator_py.so
[4.853s] -- Set runtime path of "/home/ratan/ros2_ws_new/src/pal_fib_interfaces/install/pal_fib_interfaces/lib/libpal_fib_interfaces__rosidl_generator_py.so" to ""
[4.854s] -- Installing: /home/ratan/ros2_ws_new/src/pal_fib_interfaces/install/pal_fib_interfaces/share/pal_fib_interfaces/srv/Pal.idl
[4.854s] -- Installing: /home/ratan/ros2_ws_new/src/pal_fib_interfaces/install/pal_fib_interfaces/share/pal_fib_interfaces/srv/Pal.srv
[4.854s] -- Installing: /home/ratan/ros2_ws_new/src/pal_fib_interfaces/install/pal_fib_interfaces/share/pal_fib_interfaces/srv/Pal_Request.msg
[4.854s] -- Installing: /home/ratan/ros2_ws_new/src/pal_fib_interfaces/install/pal_fib_interfaces/share/pal_fib_interfaces/srv/Pal_Response.msg
[4.854s] -- Installing: /home/ratan/ros2_ws_new/src/pal_fib_interfaces/install/pal_fib_interfaces/share/ament_index/resource_index/package_run_dependencies/pal_fib_interfaces
[4.854s] -- Installing: /home/ratan/ros2_ws_new/src/pal_fib_interfaces/install/pal_fib_interfaces/share/ament_index/resource_index/parent_prefix_path/pal_fib_interfaces
[4.855s] -- Installing: /home/ratan/ros2_ws_new/src/pal_fib_interfaces/install/pal_fib_interfaces/share/pal_fib_interfaces/environment/ament_prefix_path.sh
[4.855s] -- Installing: /home/ratan/ros2_ws_new/src/pal_fib_interfaces/install/pal_fib_interfaces/share/pal_fib_interfaces/environment/ament_prefix_path.dsv
[4.855s] -- Installing: /home/ratan/ros2_ws_new/src/pal_fib_interfaces/install/pal_fib_interfaces/share/pal_fib_interfaces/environment/path.sh
[4.855s] -- Installing: /home/ratan/ros2_ws_new/src/pal_fib_interfaces/install/pal_fib_interfaces/share/pal_fib_interfaces/environment/path.dsv
[4.856s] -- Installing: /home/ratan/ros2_ws_new/src/pal_fib_interfaces/install/pal_fib_interfaces/share/pal_fib_interfaces/local_setup.bash
[4.856s] -- Installing: /home/ratan/ros2_ws_new/src/pal_fib_interfaces/install/pal_fib_interfaces/share/pal_fib_interfaces/local_setup.sh
[4.856s] -- Installing: /home/ratan/ros2_ws_new/src/pal_fib_interfaces/install/pal_fib_interfaces/share/pal_fib_interfaces/local_setup.zsh
[4.856s] -- Installing: /home/ratan/ros2_ws_new/src/pal_fib_interfaces/install/pal_fib_interfaces/share/pal_fib_interfaces/local_setup.dsv
[4.856s] -- Installing: /home/ratan/ros2_ws_new/src/pal_fib_interfaces/install/pal_fib_interfaces/share/pal_fib_interfaces/package.dsv
[4.856s] -- Installing: /home/ratan/ros2_ws_new/src/pal_fib_interfaces/install/pal_fib_interfaces/share/ament_index/resource_index/packages/pal_fib_interfaces
[4.856s] -- Installing: /home/ratan/ros2_ws_new/src/pal_fib_interfaces/install/pal_fib_interfaces/share/pal_fib_interfaces/cmake/export_pal_fib_interfaces__rosidl_generator_cExport.cmake
[4.856s] -- Installing: /home/ratan/ros2_ws_new/src/pal_fib_interfaces/install/pal_fib_interfaces/share/pal_fib_interfaces/cmake/export_pal_fib_interfaces__rosidl_generator_cExport-noconfig.cmake
[4.856s] -- Installing: /home/ratan/ros2_ws_new/src/pal_fib_interfaces/install/pal_fib_interfaces/share/pal_fib_interfaces/cmake/export_pal_fib_interfaces__rosidl_typesupport_fastrtps_cExport.cmake
[4.857s] -- Installing: /home/ratan/ros2_ws_new/src/pal_fib_interfaces/install/pal_fib_interfaces/share/pal_fib_interfaces/cmake/export_pal_fib_interfaces__rosidl_typesupport_fastrtps_cExport-noconfig.cmake
[4.858s] -- Installing: /home/ratan/ros2_ws_new/src/pal_fib_interfaces/install/pal_fib_interfaces/share/pal_fib_interfaces/cmake/pal_fib_interfaces__rosidl_typesupport_introspection_cExport.cmake
[4.858s] -- Installing: /home/ratan/ros2_ws_new/src/pal_fib_interfaces/install/pal_fib_interfaces/share/pal_fib_interfaces/cmake/pal_fib_interfaces__rosidl_typesupport_introspection_cExport-noconfig.cmake
[4.858s] -- Installing: /home/ratan/ros2_ws_new/src/pal_fib_interfaces/install/pal_fib_interfaces/share/pal_fib_interfaces/cmake/pal_fib_interfaces__rosidl_typesupport_cExport.cmake
[4.858s] -- Installing: /home/ratan/ros2_ws_new/src/pal_fib_interfaces/install/pal_fib_interfaces/share/pal_fib_interfaces/cmake/pal_fib_interfaces__rosidl_typesupport_cExport-noconfig.cmake
[4.859s] -- Installing: /home/ratan/ros2_ws_new/src/pal_fib_interfaces/install/pal_fib_interfaces/share/pal_fib_interfaces/cmake/export_pal_fib_interfaces__rosidl_generator_cppExport.cmake
[4.859s] -- Installing: /home/ratan/ros2_ws_new/src/pal_fib_interfaces/install/pal_fib_interfaces/share/pal_fib_interfaces/cmake/export_pal_fib_interfaces__rosidl_typesupport_fastrtps_cppExport.cmake
[4.859s] -- Installing: /home/ratan/ros2_ws_new/src/pal_fib_interfaces/install/pal_fib_interfaces/share/pal_fib_interfaces/cmake/export_pal_fib_interfaces__rosidl_typesupport_fastrtps_cppExport-noconfig.cmake
[4.859s] -- Installing: /home/ratan/ros2_ws_new/src/pal_fib_interfaces/install/pal_fib_interfaces/share/pal_fib_interfaces/cmake/pal_fib_interfaces__rosidl_typesupport_introspection_cppExport.cmake
[4.859s] -- Installing: /home/ratan/ros2_ws_new/src/pal_fib_interfaces/install/pal_fib_interfaces/share/pal_fib_interfaces/cmake/pal_fib_interfaces__rosidl_typesupport_introspection_cppExport-noconfig.cmake
[4.859s] -- Installing: /home/ratan/ros2_ws_new/src/pal_fib_interfaces/install/pal_fib_interfaces/share/pal_fib_interfaces/cmake/pal_fib_interfaces__rosidl_typesupport_cppExport.cmake
[4.859s] -- Installing: /home/ratan/ros2_ws_new/src/pal_fib_interfaces/install/pal_fib_interfaces/share/pal_fib_interfaces/cmake/pal_fib_interfaces__rosidl_typesupport_cppExport-noconfig.cmake
[4.860s] -- Installing: /home/ratan/ros2_ws_new/src/pal_fib_interfaces/install/pal_fib_interfaces/share/pal_fib_interfaces/cmake/export_pal_fib_interfaces__rosidl_generator_pyExport.cmake
[4.860s] -- Installing: /home/ratan/ros2_ws_new/src/pal_fib_interfaces/install/pal_fib_interfaces/share/pal_fib_interfaces/cmake/export_pal_fib_interfaces__rosidl_generator_pyExport-noconfig.cmake
[4.860s] -- Installing: /home/ratan/ros2_ws_new/src/pal_fib_interfaces/install/pal_fib_interfaces/share/pal_fib_interfaces/cmake/rosidl_cmake-extras.cmake
[4.860s] -- Installing: /home/ratan/ros2_ws_new/src/pal_fib_interfaces/install/pal_fib_interfaces/share/pal_fib_interfaces/cmake/ament_cmake_export_include_directories-extras.cmake
[4.860s] -- Installing: /home/ratan/ros2_ws_new/src/pal_fib_interfaces/install/pal_fib_interfaces/share/pal_fib_interfaces/cmake/ament_cmake_export_libraries-extras.cmake
[4.860s] -- Installing: /home/ratan/ros2_ws_new/src/pal_fib_interfaces/install/pal_fib_interfaces/share/pal_fib_interfaces/cmake/ament_cmake_export_targets-extras.cmake
[4.860s] -- Installing: /home/ratan/ros2_ws_new/src/pal_fib_interfaces/install/pal_fib_interfaces/share/pal_fib_interfaces/cmake/rosidl_cmake_export_typesupport_targets-extras.cmake
[4.861s] -- Installing: /home/ratan/ros2_ws_new/src/pal_fib_interfaces/install/pal_fib_interfaces/share/pal_fib_interfaces/cmake/ament_cmake_export_dependencies-extras.cmake
[4.861s] -- Installing: /home/ratan/ros2_ws_new/src/pal_fib_interfaces/install/pal_fib_interfaces/share/pal_fib_interfaces/cmake/rosidl_cmake_export_typesupport_libraries-extras.cmake
[4.861s] -- Installing: /home/ratan/ros2_ws_new/src/pal_fib_interfaces/install/pal_fib_interfaces/share/pal_fib_interfaces/cmake/pal_fib_interfacesConfig.cmake
[4.861s] -- Installing: /home/ratan/ros2_ws_new/src/pal_fib_interfaces/install/pal_fib_interfaces/share/pal_fib_interfaces/cmake/pal_fib_interfacesConfig-version.cmake
[4.861s] -- Installing: /home/ratan/ros2_ws_new/src/pal_fib_interfaces/install/pal_fib_interfaces/share/pal_fib_interfaces/package.xml
[4.864s] Invoked command in '/home/ratan/ros2_ws_new/src/pal_fib_interfaces/build/pal_fib_interfaces' returned '0': CMAKE_PREFIX_PATH=${CMAKE_PREFIX_PATH}:/home/ratan/ros2_ws_new/palindrome_fibonacci/install/palindrome_fibonacci:/home/ratan/Robosub_ROS2_2024/install/auv_navigator:/home/ratan/Robosub_ROS2_2024/install/auv_localization:/home/ratan/Robosub_ROS2_2024/install/auv_drivers:/home/ratan/Robosub_ROS2_2024/install/auv_controller:/home/ratan/Robosub_ROS2_2024/install/auv_acoustics:/home/ratan/ros2_ws_new/src/Robosub_ROS2_2024/install/auv_navigator:/home/ratan/ros2_ws_new/src/Robosub_ROS2_2024/install/auv_localization:/home/ratan/ros2_ws_new/src/Robosub_ROS2_2024/install/auv_drivers:/home/ratan/ros2_ws_new/src/Robosub_ROS2_2024/install/auv_controller:/home/ratan/ros2_ws_new/src/Robosub_ROS2_2024/install/auv_acoustics:/home/ratan/ros2_ws_new/install/service_manager:/home/ratan/ros2_ws_new/src/install/updated_service_manager:/home/ratan/ros2_ws_new/src/install/service_manager:/home/ratan/ros2_ws/src/install/service_manager:/home/ratan/ros2_ws/src/install/my_package:/home/ratan/ros2_ws/src/install/action_service:/home/ratan/ros2_ws/install/service_manager:/opt/ros/humble /usr/bin/cmake --install /home/ratan/ros2_ws_new/src/pal_fib_interfaces/build/pal_fib_interfaces
